make all --print-data-base --no-builtin-variables --no-builtin-rules --question
make: *** No rule to make target 'all'.  Stop.

# GNU Make 4.3
# Built for x86_64-pc-linux-gnu
# Copyright (C) 1988-2020 Free Software Foundation, Inc.
# License GPLv3+: GNU GPL version 3 or later <http://gnu.org/licenses/gpl.html>
# This is free software: you are free to change and redistribute it.
# There is NO WARRANTY, to the extent permitted by law.

# Make data base, printed on Thu Nov 17 16:51:51 2022

# Variables

# environment
WLR_DRM_DEVICES = /dev/dri/card1:/dev/drm/card0
# environment
GDK_BACKEND = x11
# environment
LC_ALL = C
# environment
NO_AT_BRIDGE = 1
# environment
STARSHIP_SESSION_KEY = 4397386130925146
# environment
VSCODE_CWD = /home/hydroakri
# default
MAKE_COMMAND := make
# environment
__GLX_VENDOR_LIBRARY_NAME = nvidia
# automatic
@D = $(patsubst %/,%,$(dir $@))
# environment
VSCODE_HANDLES_UNCAUGHT_ERRORS = true
# default
.VARIABLES := 
# environment
PWD = /home/hydroakri/.wine
# automatic
%D = $(patsubst %/,%,$(dir $%))
# environment
MAIL = /var/spool/mail/hydroakri
# automatic
^D = $(patsubst %/,%,$(dir $^))
# automatic
%F = $(notdir $%)
# environment
VSCODE_CODE_CACHE_PATH = /home/hydroakri/.config/VSCodium/CachedData/14f2d26367b7e8f03ff2352516ba27d6302dd7b1
# environment
LANG = C
# default
.LOADED := 
# default
.INCLUDE_DIRS = /usr/include /usr/local/include /usr/include
# makefile
MAKEFLAGS = pqrR
# environment
HYPRLAND_INSTANCE_SIGNATURE = 0d1c6856aa0855006006cd8c5aa9f50b99738836_1668674761
# makefile
CURDIR := /home/hydroakri/.wine
# automatic
*D = $(patsubst %/,%,$(dir $*))
# environment
MFLAGS = -pqrR
# default
.SHELLFLAGS := -c
# environment
WAYLAND_DISPLAY = wayland-0
# automatic
+D = $(patsubst %/,%,$(dir $+))
# makefile
MAKEFILE_LIST := 
# automatic
@F = $(notdir $@)
# environment
VSCODE_PID = 14971
# environment
MOZ_ENABLE_WAYLAND = 1
# environment
XDG_SESSION_TYPE = wayland
# automatic
?D = $(patsubst %/,%,$(dir $?))
# automatic
*F = $(notdir $*)
# environment
QT_QPA_PLATFORMTHEME = qt5ct
# environment
CHROME_DESKTOP = codium-url-handler.desktop
# environment
DBUS_SESSION_BUS_ADDRESS = unix:path=/run/user/1000/bus
# automatic
<D = $(patsubst %/,%,$(dir $<))
# environment
VSCODE_NLS_CONFIG = {"locale":"zh-cn","availableLanguages":{"*":"zh-cn"},"_languagePackId":"483c4e19649085de29c367bf07d87af0.zh-cn","_translationsConfigFile":"/home/hydroakri/.config/VSCodium/clp/483c4e19649085de29c367bf07d87af0.zh-cn/tcf.json","_cacheRoot":"/home/hydroakri/.config/VSCodium/clp/483c4e19649085de29c367bf07d87af0.zh-cn","_resolvedLanguagePackCoreLocation":"/home/hydroakri/.config/VSCodium/clp/483c4e19649085de29c367bf07d87af0.zh-cn/14f2d26367b7e8f03ff2352516ba27d6302dd7b1","_corruptedFile":"/home/hydroakri/.config/VSCodium/clp/483c4e19649085de29c367bf07d87af0.zh-cn/corrupted.info","_languagePackSupport":true}
# default
MAKE_HOST := x86_64-pc-linux-gnu
# environment
SDL_IM_MODULE = fcitx
# makefile
SHELL = /bin/sh
# default
MAKECMDGOALS := all
# environment
XMODIFIERS = @im=fcitx
# environment
GBM_BACKEND = nvidia-drm
# environment
SHLVL = 3
# environment
MAKELEVEL := 0
# default
MAKE = $(MAKE_COMMAND)
# environment
PATH = /usr/local/sbin:/usr/local/bin:/usr/bin:/usr/lib/jvm/default/bin:/usr/bin/site_perl:/usr/bin/vendor_perl:/usr/bin/core_perl
# default
MAKEFILES := 
# environment
MOTD_SHOWN = pam
# automatic
^F = $(notdir $^)
# environment
INVOCATION_ID = f003fe8088fb4487853a4981a1b520ea
# automatic
?F = $(notdir $?)
# environment
XDG_SEAT = seat0
# environment
GTK_IM_MODULE = fcitx
# environment
XDG_CURRENT_DESKTOP = Hyprland
# automatic
+F = $(notdir $+)
# environment
DESKTOP_SESSION = gnome
# environment
ORIGINAL_XDG_CURRENT_DESKTOP = Hyprland
# 'override' directive
GNUMAKEFLAGS := 
# environment
LOGNAME = hydroakri
# environment
HYPRLAND_CMD = Hyprland
# environment
LIBVA_DRIVER_NAME = nvidia
# environment
XDG_VTNR = 1
# makefile
.DEFAULT_GOAL := 
# environment
SYSTEMD_EXEC_PID = 3540
# environment
EDITOR = nvim
# environment
DISPLAY = :0
# environment
USER = hydroakri
# default
MAKE_VERSION := 4.3
# environment
GLFW_IM_MODULE = ibus
# environment
STARSHIP_SHELL = bash
# environment
_ = /usr/bin/make
# environment
XDG_RUNTIME_DIR = /run/user/1000
# environment
XDG_SESSION_CLASS = user
# environment
WLR_NO_HARDWARE_CURSORS = 1
# environment
VSCODE_AMD_ENTRYPOINT = vs/workbench/api/node/extensionHostProcess
# environment
HOME = /home/hydroakri
# environment
QT_IM_MODULE = fcitx
# environment
ELECTRON_RUN_AS_NODE = 1
# environment
VSCODE_IPC_HOOK = /run/user/1000/vscode-7a62be14-1.73.1-main.sock
# environment
TERM = linux
# environment
__GL_SYNC_TO_VBLANK = 1
# environment
XDG_SESSION_ID = 1
# environment
XCURSOR_SIZE = 24
# default
.RECIPEPREFIX := 
# automatic
<F = $(notdir $<)
# default
SUFFIXES := 
# environment
VSCODE_CLI = 1
# environment
ELECTRON_NO_ATTACH_CONSOLE = 1
# default
.FEATURES := target-specific order-only second-expansion else-if shortest-stem undefine oneshell nocomment grouped-target extra-prereqs archives jobserver output-sync check-symlink guile load
# variable set hash-table stats:
# Load=93/1024=9%, Rehash=0, Collisions=2/120=2%

# Pattern-specific Variable Values

# No pattern-specific variable values.

# Directories

# . (device 40, inode 3403372): 9 files, no impossibilities.

# 9 files, no impossibilities in 1 directories.

# Implicit Rules

# No implicit rules.

# Files

# Not a target:
Makefile:
#  Implicit rule search has been done.
#  File does not exist.
#  File has been updated.
#  Failed to be updated.

# Not a target:
.DEFAULT:
#  Implicit rule search has not been done.
#  Modification time never checked.
#  File has not been updated.

# Not a target:
all:
#  Command line target.
#  Implicit rule search has been done.
#  File does not exist.
#  File has not been updated.

# Not a target:
makefile:
#  Implicit rule search has been done.
#  File does not exist.
#  File has been updated.
#  Failed to be updated.

# Not a target:
GNUmakefile:
#  Implicit rule search has been done.
#  File does not exist.
#  File has been updated.
#  Failed to be updated.

# files hash-table stats:
# Load=6/1024=1%, Rehash=0, Collisions=0/15=0%
# VPATH Search Paths

# No 'vpath' search paths.

# No general ('VPATH' variable) search path.

# strcache buffers: 1 (0) / strings = 17 / storage = 174 B / avg = 10 B
# current buf: size = 8162 B / used = 174 B / count = 17 / avg = 10 B

# strcache performance: lookups = 20 / hit rate = 15%
# hash-table stats:
# Load=17/8192=0%, Rehash=0, Collisions=0/20=0%
# Finished Make data base on Thu Nov 17 16:51:51 2022

 
