make all --print-data-base --no-builtin-variables --no-builtin-rules --question
# GNU Make 4.3
# Built for x86_64-pc-linux-gnu
# Copyright (C) 1988-2020 Free Software Foundation, Inc.
# License GPLv3+: GNU GPL version 3 or later <http://gnu.org/licenses/gpl.html>
# This is free software: you are free to change and redistribute it.
# There is NO WARRANTY, to the extent permitted by law.

# Make data base, printed on Fri Dec 16 13:00:41 2022

# Variables

# makefile (from 'Makefile', line 29)
INSTALL_PROGRAM = install -m 755 -p
# environment
WLR_DRM_DEVICES = /dev/dri/card0:/dev/drm/card1
# environment
GDK_BACKEND = x11
# environment
LC_ALL = C
# environment
NO_AT_BRIDGE = 1
# makefile (from 'Makefile', line 44)
AR = gcc-ar cqs
# makefile (from 'Makefile', line 64)
DIST = /usr/lib/qt/mkspecs/features/spec_pre.prf /usr/lib/qt/mkspecs/common/unix.conf /usr/lib/qt/mkspecs/common/linux.conf /usr/lib/qt/mkspecs/common/sanitize.conf /usr/lib/qt/mkspecs/common/gcc-base.conf /usr/lib/qt/mkspecs/common/gcc-base-unix.conf /usr/lib/qt/mkspecs/common/g++-base.conf /usr/lib/qt/mkspecs/common/g++-unix.conf /usr/lib/qt/mkspecs/qconfig.pri /usr/lib/qt/mkspecs/modules/qt_Attica.pri /usr/lib/qt/mkspecs/modules/qt_Baloo.pri /usr/lib/qt/mkspecs/modules/qt_KActivities.pri /usr/lib/qt/mkspecs/modules/qt_KActivitiesStats.pri /usr/lib/qt/mkspecs/modules/qt_KArchive.pri /usr/lib/qt/mkspecs/modules/qt_KAuth.pri /usr/lib/qt/mkspecs/modules/qt_KAuthCore.pri /usr/lib/qt/mkspecs/modules/qt_KBookmarks.pri /usr/lib/qt/mkspecs/modules/qt_KCMUtils.pri /usr/lib/qt/mkspecs/modules/qt_KCodecs.pri /usr/lib/qt/mkspecs/modules/qt_KCompletion.pri /usr/lib/qt/mkspecs/modules/qt_KConfigCore.pri /usr/lib/qt/mkspecs/modules/qt_KConfigGui.pri /usr/lib/qt/mkspecs/modules/qt_KConfigWidgets.pri /usr/lib/qt/mkspecs/modules/qt_KCoreAddons.pri /usr/lib/qt/mkspecs/modules/qt_KCrash.pri /usr/lib/qt/mkspecs/modules/qt_KDBusAddons.pri /usr/lib/qt/mkspecs/modules/qt_KDeclarative.pri /usr/lib/qt/mkspecs/modules/qt_KDESu.pri /usr/lib/qt/mkspecs/modules/qt_KDNSSD.pri /usr/lib/qt/mkspecs/modules/qt_KDSoapClient.pri /usr/lib/qt/mkspecs/modules/qt_KDSoapServer.pri /usr/lib/qt/mkspecs/modules/qt_KEmoticons.pri /usr/lib/qt/mkspecs/modules/qt_KFileMetaData.pri /usr/lib/qt/mkspecs/modules/qt_KGlobalAccel.pri /usr/lib/qt/mkspecs/modules/qt_KGuiAddons.pri /usr/lib/qt/mkspecs/modules/qt_KHolidays.pri /usr/lib/qt/mkspecs/modules/qt_KI18n.pri /usr/lib/qt/mkspecs/modules/qt_KIconThemes.pri /usr/lib/qt/mkspecs/modules/qt_KIdleTime.pri /usr/lib/qt/mkspecs/modules/qt_KIOCore.pri /usr/lib/qt/mkspecs/modules/qt_KIOFileWidgets.pri /usr/lib/qt/mkspecs/modules/qt_KIOGui.pri /usr/lib/qt/mkspecs/modules/qt_KIOWidgets.pri /usr/lib/qt/mkspecs/modules/qt_Kirigami2.pri /usr/lib/qt/mkspecs/modules/qt_KItemModels.pri /usr/lib/qt/mkspecs/modules/qt_KItemViews.pri /usr/lib/qt/mkspecs/modules/qt_KJobWidgets.pri /usr/lib/qt/mkspecs/modules/qt_KNewStuff.pri /usr/lib/qt/mkspecs/modules/qt_KNewStuffCore.pri /usr/lib/qt/mkspecs/modules/qt_KNotifications.pri /usr/lib/qt/mkspecs/modules/qt_KNotifyConfig.pri /usr/lib/qt/mkspecs/modules/qt_KNTLM.pri /usr/lib/qt/mkspecs/modules/qt_KParts.pri /usr/lib/qt/mkspecs/modules/qt_KPeople.pri /usr/lib/qt/mkspecs/modules/qt_KPeopleWidgets.pri /usr/lib/qt/mkspecs/modules/qt_KPty.pri /usr/lib/qt/mkspecs/modules/qt_KRunner.pri /usr/lib/qt/mkspecs/modules/qt_KScreen.pri /usr/lib/qt/mkspecs/modules/qt_KService.pri /usr/lib/qt/mkspecs/modules/qt_KSyntaxHighlighting.pri /usr/lib/qt/mkspecs/modules/qt_KTextEditor.pri /usr/lib/qt/mkspecs/modules/qt_KTextWidgets.pri /usr/lib/qt/mkspecs/modules/qt_KUnitConversion.pri /usr/lib/qt/mkspecs/modules/qt_KUserFeedbackCore.pri /usr/lib/qt/mkspecs/modules/qt_KUserFeedbackWidgets.pri /usr/lib/qt/mkspecs/modules/qt_KWallet.pri /usr/lib/qt/mkspecs/modules/qt_KWaylandClient.pri /usr/lib/qt/mkspecs/modules/qt_KWaylandServer.pri /usr/lib/qt/mkspecs/modules/qt_KWidgetsAddons.pri /usr/lib/qt/mkspecs/modules/qt_KWindowSystem.pri /usr/lib/qt/mkspecs/modules/qt_KXmlGui.pri /usr/lib/qt/mkspecs/modules/qt_lib_accessibility_support_private.pri /usr/lib/qt/mkspecs/modules/qt_lib_bootstrap_private.pri /usr/lib/qt/mkspecs/modules/qt_lib_charts.pri /usr/lib/qt/mkspecs/modules/qt_lib_charts_private.pri /usr/lib/qt/mkspecs/modules/qt_lib_concurrent.pri /usr/lib/qt/mkspecs/modules/qt_lib_concurrent_private.pri /usr/lib/qt/mkspecs/modules/qt_lib_core.pri /usr/lib/qt/mkspecs/modules/qt_lib_core_private.pri /usr/lib/qt/mkspecs/modules/qt_lib_dbus.pri /usr/lib/qt/mkspecs/modules/qt_lib_dbus_private.pri /usr/lib/qt/mkspecs/modules/qt_lib_designer.pri /usr/lib/qt/mkspecs/modules/qt_lib_designer_private.pri /usr/lib/qt/mkspecs/modules/qt_lib_designercomponents_private.pri /usr/lib/qt/mkspecs/modules/qt_lib_devicediscovery_support_private.pri /usr/lib/qt/mkspecs/modules/qt_lib_edid_support_private.pri /usr/lib/qt/mkspecs/modules/qt_lib_egl_support_private.pri /usr/lib/qt/mkspecs/modules/qt_lib_eglfs_kms_support_private.pri /usr/lib/qt/mkspecs/modules/qt_lib_eglfsdeviceintegration_private.pri /usr/lib/qt/mkspecs/modules/qt_lib_eventdispatcher_support_private.pri /usr/lib/qt/mkspecs/modules/qt_lib_fb_support_private.pri /usr/lib/qt/mkspecs/modules/qt_lib_fontdatabase_support_private.pri /usr/lib/qt/mkspecs/modules/qt_lib_glx_support_private.pri /usr/lib/qt/mkspecs/modules/qt_lib_gui.pri /usr/lib/qt/mkspecs/modules/qt_lib_gui_private.pri /usr/lib/qt/mkspecs/modules/qt_lib_help.pri /usr/lib/qt/mkspecs/modules/qt_lib_help_private.pri /usr/lib/qt/mkspecs/modules/qt_lib_input_support_private.pri /usr/lib/qt/mkspecs/modules/qt_lib_kms_support_private.pri /usr/lib/qt/mkspecs/modules/qt_lib_linuxaccessibility_support_private.pri /usr/lib/qt/mkspecs/modules/qt_lib_location.pri /usr/lib/qt/mkspecs/modules/qt_lib_location_private.pri /usr/lib/qt/mkspecs/modules/qt_lib_multimedia.pri /usr/lib/qt/mkspecs/modules/qt_lib_multimedia_private.pri /usr/lib/qt/mkspecs/modules/qt_lib_multimediagsttools_private.pri /usr/lib/qt/mkspecs/modules/qt_lib_multimediawidgets.pri /usr/lib/qt/mkspecs/modules/qt_lib_multimediawidgets_private.pri /usr/lib/qt/mkspecs/modules/qt_lib_network.pri /usr/lib/qt/mkspecs/modules/qt_lib_network_private.pri /usr/lib/qt/mkspecs/modules/qt_lib_opengl.pri /usr/lib/qt/mkspecs/modules/qt_lib_opengl_private.pri /usr/lib/qt/mkspecs/modules/qt_lib_openglextensions.pri /usr/lib/qt/mkspecs/modules/qt_lib_openglextensions_private.pri /usr/lib/qt/mkspecs/modules/qt_lib_packetprotocol_private.pri /usr/lib/qt/mkspecs/modules/qt_lib_pdf.pri /usr/lib/qt/mkspecs/modules/qt_lib_pdf_private.pri /usr/lib/qt/mkspecs/modules/qt_lib_pdfwidgets.pri /usr/lib/qt/mkspecs/modules/qt_lib_pdfwidgets_private.pri /usr/lib/qt/mkspecs/modules/qt_lib_platformcompositor_support_private.pri /usr/lib/qt/mkspecs/modules/qt_lib_positioning.pri /usr/lib/qt/mkspecs/modules/qt_lib_positioning_private.pri /usr/lib/qt/mkspecs/modules/qt_lib_positioningquick.pri /usr/lib/qt/mkspecs/modules/qt_lib_positioningquick_private.pri /usr/lib/qt/mkspecs/modules/qt_lib_printsupport.pri /usr/lib/qt/mkspecs/modules/qt_lib_printsupport_private.pri /usr/lib/qt/mkspecs/modules/qt_lib_qml.pri /usr/lib/qt/mkspecs/modules/qt_lib_qml_private.pri /usr/lib/qt/mkspecs/modules/qt_lib_qmldebug_private.pri /usr/lib/qt/mkspecs/modules/qt_lib_qmldevtools_private.pri /usr/lib/qt/mkspecs/modules/qt_lib_qmlmodels.pri /usr/lib/qt/mkspecs/modules/qt_lib_qmlmodels_private.pri /usr/lib/qt/mkspecs/modules/qt_lib_qmltest.pri /usr/lib/qt/mkspecs/modules/qt_lib_qmltest_private.pri /usr/lib/qt/mkspecs/modules/qt_lib_qmlworkerscript.pri /usr/lib/qt/mkspecs/modules/qt_lib_qmlworkerscript_private.pri /usr/lib/qt/mkspecs/modules/qt_lib_qtmultimediaquicktools_private.pri /usr/lib/qt/mkspecs/modules/qt_lib_quick.pri /usr/lib/qt/mkspecs/modules/qt_lib_quick_private.pri /usr/lib/qt/mkspecs/modules/qt_lib_quickcontrols2.pri /usr/lib/qt/mkspecs/modules/qt_lib_quickcontrols2_private.pri /usr/lib/qt/mkspecs/modules/qt_lib_quickparticles_private.pri /usr/lib/qt/mkspecs/modules/qt_lib_quickshapes_private.pri /usr/lib/qt/mkspecs/modules/qt_lib_quicktemplates2.pri /usr/lib/qt/mkspecs/modules/qt_lib_quicktemplates2_private.pri /usr/lib/qt/mkspecs/modules/qt_lib_quickwidgets.pri /usr/lib/qt/mkspecs/modules/qt_lib_quickwidgets_private.pri /usr/lib/qt/mkspecs/modules/qt_lib_sensors.pri /usr/lib/qt/mkspecs/modules/qt_lib_sensors_private.pri /usr/lib/qt/mkspecs/modules/qt_lib_service_support_private.pri /usr/lib/qt/mkspecs/modules/qt_lib_sql.pri /usr/lib/qt/mkspecs/modules/qt_lib_sql_private.pri /usr/lib/qt/mkspecs/modules/qt_lib_svg.pri /usr/lib/qt/mkspecs/modules/qt_lib_svg_private.pri /usr/lib/qt/mkspecs/modules/qt_lib_testlib.pri /usr/lib/qt/mkspecs/modules/qt_lib_testlib_private.pri /usr/lib/qt/mkspecs/modules/qt_lib_texttospeech.pri /usr/lib/qt/mkspecs/modules/qt_lib_texttospeech_private.pri /usr/lib/qt/mkspecs/modules/qt_lib_theme_support_private.pri /usr/lib/qt/mkspecs/modules/qt_lib_uiplugin.pri /usr/lib/qt/mkspecs/modules/qt_lib_uitools.pri /usr/lib/qt/mkspecs/modules/qt_lib_uitools_private.pri /usr/lib/qt/mkspecs/modules/qt_lib_vulkan_support_private.pri /usr/lib/qt/mkspecs/modules/qt_lib_waylandclient.pri /usr/lib/qt/mkspecs/modules/qt_lib_waylandclient_private.pri /usr/lib/qt/mkspecs/modules/qt_lib_waylandcompositor.pri /usr/lib/qt/mkspecs/modules/qt_lib_waylandcompositor_private.pri /usr/lib/qt/mkspecs/modules/qt_lib_webchannel.pri /usr/lib/qt/mkspecs/modules/qt_lib_webchannel_private.pri /usr/lib/qt/mkspecs/modules/qt_lib_webengine.pri /usr/lib/qt/mkspecs/modules/qt_lib_webengine_private.pri /usr/lib/qt/mkspecs/modules/qt_lib_webenginecore.pri /usr/lib/qt/mkspecs/modules/qt_lib_webenginecore_private.pri /usr/lib/qt/mkspecs/modules/qt_lib_webenginecoreheaders_private.pri /usr/lib/qt/mkspecs/modules/qt_lib_webenginewidgets.pri /usr/lib/qt/mkspecs/modules/qt_lib_webenginewidgets_private.pri /usr/lib/qt/mkspecs/modules/qt_lib_webkit.pri /usr/lib/qt/mkspecs/modules/qt_lib_webkit_private.pri /usr/lib/qt/mkspecs/modules/qt_lib_webkitwidgets.pri /usr/lib/qt/mkspecs/modules/qt_lib_webkitwidgets_private.pri /usr/lib/qt/mkspecs/modules/qt_lib_widgets.pri /usr/lib/qt/mkspecs/modules/qt_lib_widgets_private.pri /usr/lib/qt/mkspecs/modules/qt_lib_x11extras.pri /usr/lib/qt/mkspecs/modules/qt_lib_x11extras_private.pri /usr/lib/qt/mkspecs/modules/qt_lib_xcb_qpa_lib_private.pri /usr/lib/qt/mkspecs/modules/qt_lib_xkbcommon_support_private.pri /usr/lib/qt/mkspecs/modules/qt_lib_xml.pri /usr/lib/qt/mkspecs/modules/qt_lib_xml_private.pri /usr/lib/qt/mkspecs/modules/qt_phonon4qt5.pri /usr/lib/qt/mkspecs/modules/qt_Prison.pri /usr/lib/qt/mkspecs/modules/qt_QuickAddons.pri /usr/lib/qt/mkspecs/modules/qt_Solid.pri /usr/lib/qt/mkspecs/modules/qt_SonnetCore.pri /usr/lib/qt/mkspecs/modules/qt_SonnetUi.pri /usr/lib/qt/mkspecs/modules/qt_Syndication.pri /usr/lib/qt/mkspecs/modules/qt_ThreadWeaver.pri /usr/lib/qt/mkspecs/features/qt_functions.prf /usr/lib/qt/mkspecs/features/qt_config.prf /usr/lib/qt/mkspecs/linux-g++/qmake.conf /usr/lib/qt/mkspecs/features/spec_post.prf .qmake.stash /usr/lib/qt/mkspecs/features/exclusive_builds.prf /usr/lib/qt/mkspecs/features/toolchain.prf /usr/lib/qt/mkspecs/features/default_pre.prf /usr/lib/qt/mkspecs/features/resolve_config.prf /usr/lib/qt/mkspecs/features/default_post.prf /usr/lib/qt/mkspecs/features/link_ltcg.prf /usr/lib/qt/mkspecs/features/ltcg.prf /usr/lib/qt/mkspecs/features/warn_on.prf /usr/lib/qt/mkspecs/features/qt.prf /usr/lib/qt/mkspecs/features/resources_functions.prf /usr/lib/qt/mkspecs/features/resources.prf /usr/lib/qt/mkspecs/features/moc.prf /usr/lib/qt/mkspecs/features/unix/opengl.prf /usr/lib/qt/mkspecs/features/uic.prf /usr/lib/qt/mkspecs/features/unix/thread.prf /usr/lib/qt/mkspecs/features/qmake_use.prf /usr/lib/qt/mkspecs/features/file_copies.prf /usr/lib/qt/mkspecs/features/testcase_targets.prf /usr/lib/qt/mkspecs/features/exceptions.prf /usr/lib/qt/mkspecs/features/yacc.prf /usr/lib/qt/mkspecs/features/lex.prf QtWuziqi.pro mainwindow.h GameModel.h main.cpp mainwindow.cpp GameModel.cpp
# environment
GTK_RC_FILES = /etc/gtk/gtkrc:/home/hydroakri/.gtkrc:/home/hydroakri/.config/gtkrc
 
# makefile (from 'Makefile', line 32)
QINSTALL_PROGRAM = /usr/bin/qmake -install qinstall -exe
# environment
STARSHIP_SESSION_KEY = 3202024320877107
# environment
NIX_REMOTE = daemon
# makefile (from 'Makefile', line 41)
LINK = g++
# environment
VSCODE_CWD = /home/hydroakri
# makefile (from 'Makefile', line 43)
LIBS = $(SUBLIBS) /usr/lib/libQt5Multimedia.so /usr/lib/libQt5Widgets.so /usr/lib/libQt5Gui.so /usr/lib/libQt5Network.so /usr/lib/libQt5Core.so -lGL -lpthread   
# makefile (from 'Makefile', line 33)
DEL_FILE = rm -f
# default
MAKE_COMMAND := make
# automatic
@D = $(patsubst %/,%,$(dir $@))
# environment
VSCODE_HANDLES_UNCAUGHT_ERRORS = true
# default
.VARIABLES := 
# makefile (from 'Makefile', line 11)
EQ = =
# environment
PWD = /home/hydroakri/QtWuziqi
# automatic
%D = $(patsubst %/,%,$(dir $%))
# environment
MAIL = /var/spool/mail/hydroakri
# makefile (from 'Makefile', line 51)
OBJECTS_DIR = ./
# automatic
^D = $(patsubst %/,%,$(dir $^))
# automatic
%F = $(notdir $%)
# environment
VSCODE_CODE_CACHE_PATH = /home/hydroakri/.config/VSCodium/CachedData/cb188d662af4ff5d43505b572b49905a1f0153ad
# environment
LANG = C
# environment
XAUTHORITY = /run/user/1000/xauth_QoRqHO
# default
.LOADED := 
# default
.INCLUDE_DIRS = /usr/include /usr/local/include /usr/include
# makefile (from 'Makefile', line 39)
DISTNAME = QtWuziqi1.0.0
# makefile
MAKEFLAGS = pqrR
# environment
PLASMA_USE_QT_SCALING = 1
# makefile (from 'Makefile', line 37)
TAR = tar -cf
# makefile (from 'Makefile', line 40)
DISTDIR = /home/hydroakri/QtWuziqi/.tmp/QtWuziqi1.0.0
# makefile
CURDIR := /home/hydroakri/QtWuziqi
# makefile (from 'Makefile', line 21)
QMAKE = /usr/bin/qmake
# automatic
*D = $(patsubst %/,%,$(dir $*))
# makefile (from 'Makefile', line 46)
SED = sed
# makefile (from 'Makefile', line 31)
QINSTALL = /usr/bin/qmake -install qinstall
# environment
MFLAGS = -pqrR
# default
.SHELLFLAGS := -c
# environment
WAYLAND_DISPLAY = wayland-0
# environment
XDG_CONFIG_DIRS = /home/hydroakri/.config/kdedefaults:/etc/xdg
# automatic
+D = $(patsubst %/,%,$(dir $+))
# environment
XCURSOR_THEME = breeze_cursors
# makefile (from 'Makefile', line 1)
MAKEFILE_LIST := Makefile
# automatic
@F = $(notdir $@)
# environment
VSCODE_PID = 10256
# environment
MOZ_ENABLE_WAYLAND = 1
# environment
XDG_SESSION_TYPE = wayland
# automatic
?D = $(patsubst %/,%,$(dir $?))
# makefile (from 'Makefile', line 45)
RANLIB = 
# makefile (from 'Makefile', line 290)
DESTDIR = 
# environment
SESSION_MANAGER = local/archlinux:@/tmp/.ICE-unix/4360,unix/archlinux:/tmp/.ICE-unix/4360
# automatic
*F = $(notdir $*)
# environment
XKB_DEFAULT_MODEL = pc105+inet
# makefile (from 'Makefile', line 38)
COMPRESS = gzip -9f
# environment
CHROME_DESKTOP = codium-url-handler.desktop
# environment
DBUS_SESSION_BUS_ADDRESS = unix:path=/run/user/1000/bus
# automatic
<D = $(patsubst %/,%,$(dir $<))
# environment
VSCODE_NLS_CONFIG = {"locale":"zh-cn","availableLanguages":{"*":"zh-cn"},"_languagePackId":"483c4e19649085de29c367bf07d87af0.zh-cn","_translationsConfigFile":"/home/hydroakri/.config/VSCodium/clp/483c4e19649085de29c367bf07d87af0.zh-cn/tcf.json","_cacheRoot":"/home/hydroakri/.config/VSCodium/clp/483c4e19649085de29c367bf07d87af0.zh-cn","_resolvedLanguagePackCoreLocation":"/home/hydroakri/.config/VSCodium/clp/483c4e19649085de29c367bf07d87af0.zh-cn/cb188d662af4ff5d43505b572b49905a1f0153ad","_corruptedFile":"/home/hydroakri/.config/VSCodium/clp/483c4e19649085de29c367bf07d87af0.zh-cn/corrupted.info","_languagePackSupport":true}
# environment
XKB_DEFAULT_OPTIONS = terminate:ctrl_alt_bksp
# makefile (from 'Makefile', line 27)
COPY_DIR = cp -f -R
# makefile (from 'Makefile', line 30)
INSTALL_DIR = cp -f -R
# default
MAKE_HOST := x86_64-pc-linux-gnu
# environment
SDL_IM_MODULE = fcitx
# makefile
SHELL = /bin/sh
# makefile (from 'Makefile', line 23)
CHK_DIR_EXISTS = test -d
# default
MAKECMDGOALS := all
# environment
XMODIFIERS = @im=fcitx
# makefile (from 'Makefile', line 17)
DEFINES = -DQT_NO_DEBUG -DQT_MULTIMEDIA_LIB -DQT_WIDGETS_LIB -DQT_GUI_LIB -DQT_NETWORK_LIB -DQT_CORE_LIB
# environment
XDG_ACTIVATION_TOKEN = kwin-37
# environment
SHLVL = 3
# environment
MAKELEVEL := 0
# makefile (from 'Makefile', line 24)
MKDIR = mkdir -p
# default
MAKE = $(MAKE_COMMAND)
# environment
PATH = /home/hydroakri/.nix-profile/bin:/nix/var/nix/profiles/default/bin:/usr/local/sbin:/usr/local/bin:/usr/bin:/usr/lib/jvm/default/bin:/usr/bin/site_perl:/usr/bin/vendor_perl:/usr/bin/core_perl
# environment
NIX_SSL_CERT_FILE = /etc/ssl/certs/ca-certificates.crt
# default
MAKEFILES := 
# environment
LANGUAGE = 
# environment
MOTD_SHOWN = pam
# automatic
^F = $(notdir $^)
# environment
INVOCATION_ID = f21f6803cd834f7f89736f90d1e0febf
# automatic
?F = $(notdir $?)
# makefile (from 'Makefile', line 26)
COPY_FILE = cp -f
# environment
KDE_APPLICATIONS_AS_SCOPE = 1
# environment
XDG_SEAT = seat0
# environment
GTK_IM_MODULE = fcitx
# environment
XDG_CURRENT_DESKTOP = KDE
# automatic
+F = $(notdir $+)
# environment
DESKTOP_SESSION = plasma
# environment
ORIGINAL_XDG_CURRENT_DESKTOP = KDE
# makefile (from 'Makefile', line 35)
DEL_DIR = rmdir
# makefile (from 'Makefile', line 59)
OBJECTS = main.o mainwindow.o GameModel.o qrc_resource.o moc_mainwindow.o
# 'override' directive
GNUMAKEFLAGS := 
# environment
LOGNAME = hydroakri
# environment
XDG_VTNR = 1
# makefile
.DEFAULT_GOAL := first
# makefile (from 'Makefile', line 28)
INSTALL_FILE = install -m 644 -p
# environment
SYSTEMD_EXEC_PID = 4444
# makefile (from 'Makefile', line 34)
SYMLINK = ln -f -s
# environment
EDITOR = nvim
# environment
DISPLAY = :0
# environment
USER = hydroakri
# default
MAKE_VERSION := 4.3
# environment
KDE_SESSION_UID = 1000
# makefile (from 'Makefile', line 289)
QMAKE_TARGET = QtWuziqi
# makefile (from 'Makefile', line 25)
COPY = cp -f
# environment
NIX_PROFILES = /nix/var/nix/profiles/default /home/hydroakri/.nix-profile
# makefile (from 'Makefile', line 20)
INCPATH = -I. -I/usr/include/qt -I/usr/include/qt/QtMultimedia -I/usr/include/qt/QtWidgets -I/usr/include/qt/QtGui -I/usr/include/qt/QtNetwork -I/usr/include/qt/QtCore -I. -I/usr/lib/qt/mkspecs/linux-g++
# environment
MANAGERPID = 4194
# environment
QT_WAYLAND_FORCE_DPI = 96
# environment
GLFW_IM_MODULE = ibus
# environment
DEBUGINFOD_URLS = https://debuginfod.archlinux.org
# environment
STARSHIP_SHELL = bash
# makefile (from 'Makefile', line 9)
MAKEFILE = Makefile
# environment
XKB_DEFAULT_LAYOUT = us
# environment
_ = /usr/bin/make
# environment
XDG_RUNTIME_DIR = /run/user/1000
# makefile (from 'Makefile', line 18)
CFLAGS = -pipe -O2 -flto -fno-fat-lto-objects -Wall -Wextra -D_REENTRANT -fPIC $(DEFINES)
# environment
JOURNAL_STREAM = 8:38636
# environment
XDG_SESSION_CLASS = user
# environment
VSCODE_AMD_ENTRYPOINT = vs/workbench/api/node/extensionHostProcess
# environment
GTK2_RC_FILES = /etc/gtk-2.0/gtkrc:/home/hydroakri/.gtkrc-2.0:/home/hydroakri/.config/gtkrc-2.0
# environment
HOME = /home/hydroakri
# environment
QT_IM_MODULE = fcitx
# environment
ELECTRON_RUN_AS_NODE = 1
# environment
VSCODE_IPC_HOOK = /run/user/1000/vscode-7a62be14-1.74.0-main.sock
# environment
TERM = linux
# environment
XDG_SESSION_ID = 1
# environment
XCURSOR_SIZE = 24
# default
.RECIPEPREFIX := 
# automatic
<F = $(notdir $<)
# environment
NIX_PATH = nixpkgs=/nix/var/nix/profiles/per-user/hydroakri/channels/nixpkgs:/nix/var/nix/profiles/per-user/hydroakri/channels
# default
SUFFIXES := 
# makefile (from 'Makefile', line 291)
TARGET = QtWuziqi
# environment
QT_AUTO_SCREEN_SCALE_FACTOR = 0
# environment
VSCODE_CLI = 1
# environment
ELECTRON_NO_ATTACH_CONSOLE = 1
# makefile (from 'Makefile', line 36)
MOVE = mv -f
# makefile (from 'Makefile', line 19)
CXXFLAGS = -pipe -O2 -flto -fno-fat-lto-objects -Wall -Wextra -D_REENTRANT -fPIC $(DEFINES)
# makefile (from 'Makefile', line 47)
STRIP = strip
# environment
KDE_SESSION_VERSION = 5
# default
.FEATURES := target-specific order-only second-expansion else-if shortest-stem undefine oneshell nocomment grouped-target extra-prereqs archives jobserver output-sync check-symlink guile load
# makefile (from 'Makefile', line 16)
CXX = g++
# makefile (from 'Makefile', line 15)
CC = gcc
# makefile (from 'Makefile', line 42)
LFLAGS = -Wl,-O1 -pipe -O2 -flto=16 -fno-fat-lto-objects -fuse-linker-plugin -fPIC
# makefile (from 'Makefile', line 55)
SOURCES = main.cpp mainwindow.cpp GameModel.cpp qrc_resource.cpp moc_mainwindow.cpp
# environment
KDE_FULL_SESSION = true
# variable set hash-table stats:
# Load=151/1024=15%, Rehash=0, Collisions=15/183=8%

# Pattern-specific Variable Values

# No pattern-specific variable values.

# Directories

# . (device 41, inode 3702906): 26 files, no impossibilities.

# 26 files, no impossibilities in 1 directories.

# Implicit Rules

# No implicit rules.

# Files

mocables: compiler_moc_header_make_all compiler_moc_objc_header_make_all compiler_moc_source_make_all
#  Implicit rule search has not been done.
#  Modification time never checked.
#  File has not been updated.

/usr/lib/qt/mkspecs/modules/qt_Attica.pri:
#  Implicit rule search has been done.
 
#  Last modified 2022-12-06 20:27:05
#  File has been updated.
#  Successfully updated.

/usr/lib/qt/mkspecs/modules/qt_KActivities.pri:
#  Implicit rule search has been done.
#  Last modified 2022-12-06 20:53:53
#  File has been updated.
#  Successfully updated.

/usr/lib/qt/mkspecs/modules/qt_lib_quick.pri:
#  Implicit rule search has been done.
#  Last modified 2022-12-09 01:48:18
#  File has been updated.
#  Successfully updated.

dist: distdir FORCE
#  Implicit rule search has not been done.
#  Modification time never checked.
#  File has not been updated.
#  recipe to execute (from 'Makefile', line 756):
	(cd `dirname $(DISTDIR)` && $(TAR) $(DISTNAME).tar $(DISTNAME) && $(COMPRESS) $(DISTNAME).tar) && $(MOVE) `dirname $(DISTDIR)`/$(DISTNAME).tar.gz . && $(DEL_FILE) -r $(DISTDIR)

/usr/lib/qt/mkspecs/modules/qt_KGuiAddons.pri:
#  Implicit rule search has been done.
#  Last modified 2022-12-06 20:23:40
#  File has been updated.
#  Successfully updated.

/usr/lib/qt/mkspecs/modules/qt_lib_webkit.pri:
#  Implicit rule search has been done.
#  Last modified 2022-10-30 00:05:34
#  File has been updated.
#  Successfully updated.

/usr/lib/qt/mkspecs/modules/qt_KJobWidgets.pri:
#  Implicit rule search has been done.
#  Last modified 2022-12-06 20:40:59
#  File has been updated.
#  Successfully updated.

/usr/lib/qt/mkspecs/features/default_pre.prf:
#  Implicit rule search has been done.
#  Last modified 2022-12-10 02:11:37
#  File has been updated.
#  Successfully updated.

/usr/lib/qt/mkspecs/modules/qt_lib_designer.pri:
#  Implicit rule search has been done.
#  Last modified 2022-11-10 17:36:22
#  File has been updated.
#  Successfully updated.

FORCE:
#  Implicit rule search has not been done.
#  Modification time never checked.
#  File has not been updated.

check: first
#  Implicit rule search has not been done.
#  Modification time never checked.
#  File has not been updated.

/usr/lib/qt/mkspecs/modules/qt_lib_eglfsdeviceintegration_private.pri:
#  Implicit rule search has been done.
#  Last modified 2022-12-10 02:11:37
#  File has been updated.
#  Successfully updated.

mainwindow.o: mainwindow.cpp mainwindow.h GameModel.h
#  Implicit rule search has not been done.
#  Last modified 2022-12-11 21:14:21.137244281
#  File has been updated.
#  Successfully updated.
#  recipe to execute (from 'Makefile', line 835):
	$(CXX) -c $(CXXFLAGS) $(INCPATH) -o mainwindow.o mainwindow.cpp

distclean: clean
#  Implicit rule search has not been done.
#  Modification time never checked.
#  File has not been updated.
#  recipe to execute (from 'Makefile', line 773):
	-$(DEL_FILE) $(TARGET) 
	-$(DEL_FILE) .qmake.stash
	-$(DEL_FILE) Makefile

/usr/lib/qt/mkspecs/modules/qt_KXmlGui.pri:
#  Implicit rule search has been done.
#  Last modified 2022-12-06 20:36:51
#  File has been updated.
#  Successfully updated.

/usr/lib/qt/mkspecs/modules/qt_lib_xkbcommon_support_private.pri:
#  Implicit rule search has been done.
#  Last modified 2022-12-10 02:11:37
#  File has been updated.
#  Successfully updated.

/usr/lib/qt/mkspecs/modules/qt_lib_positioningquick.pri:
#  Implicit rule search has been done.
#  Last modified 2022-10-29 06:17:12
#  File has been updated.
#  Successfully updated.

moc_predefs.h: /usr/lib/qt/mkspecs/features/data/dummy.cpp
#  Implicit rule search has not been done.
#  Last modified 2022-12-11 21:14:21.34924509
#  File has been updated.
#  Successfully updated.
#  recipe to execute (from 'Makefile', line 802):
	g++ -pipe -O2 -flto -fno-fat-lto-objects -Wall -Wextra -dM -E -o moc_predefs.h /usr/lib/qt/mkspecs/features/data/dummy.cpp

/usr/lib/qt/mkspecs/modules/qt_lib_widgets.pri:
#  Implicit rule search has been done.
#  Last modified 2022-12-10 02:11:37
#  File has been updated.
#  Successfully updated.

/usr/lib/qt/mkspecs/modules/qt_KCompletion.pri:
#  Implicit rule search has been done.
#  Last modified 2022-12-06 20:23:05
#  File has been updated.
#  Successfully updated.

mocclean: compiler_moc_header_clean compiler_moc_objc_header_clean compiler_moc_source_clean
#  Implicit rule search has not been done.
#  Modification time never checked.
#  File has not been updated.

/usr/lib/qt/mkspecs/modules/qt_KEmoticons.pri:
#  Implicit rule search has been done.
#  Last modified 2022-12-07 00:53:42
#  File has been updated.
#  Successfully updated.

/usr/lib/qt/mkspecs/features/yacc.prf:
#  Implicit rule search has been done.
#  Last modified 2022-12-10 02:11:37
#  File has been updated.
#  Successfully updated.

/usr/lib/qt/mkspecs/modules/qt_lib_webkitwidgets.pri:
#  Implicit rule search has been done.
#  Last modified 2022-10-30 00:05:34
#  File has been updated.
#  Successfully updated.

/usr/lib/qt/mkspecs/common/gcc-base.conf:
#  Implicit rule search has been done.
#  Last modified 2022-12-10 02:11:37
#  File has been updated.
#  Successfully updated.

/usr/lib/qt/mkspecs/modules/qt_KNTLM.pri:
#  Implicit rule search has been done.
#  Last modified 2022-12-06 20:45:16
#  File has been updated.
#  Successfully updated.

/usr/lib/qt/mkspecs/modules/qt_lib_quickcontrols2.pri:
#  Implicit rule search has been done.
#  Last modified 2022-12-06 06:35:33
#  File has been updated.
#  Successfully updated.

/usr/lib/qt/mkspecs/modules/qt_KTextWidgets.pri:
#  Implicit rule search has been done.
#  Last modified 2022-12-06 20:35:36
#  File has been updated.
#  Successfully updated.

/usr/lib/qt/mkspecs/modules/qt_lib_designercomponents_private.pri:
#  Implicit rule search has been done.
#  Last modified 2022-11-10 17:36:22
#  File has been updated.
#  Successfully updated.

/usr/lib/qt/mkspecs/modules/qt_lib_qmldevtools_private.pri:
#  Implicit rule search has been done.
#  Last modified 2022-12-09 01:48:18
#  File has been updated.
#  Successfully updated.

/usr/lib/qt/mkspecs/modules/qt_KCMUtils.pri:
#  Implicit rule search has been done.
#  Last modified 2022-12-06 20:53:06
#  File has been updated.
#  Successfully updated.

/usr/lib/qt/mkspecs/modules/qt_KCoreAddons.pri:
#  Implicit rule search has been done.
#  Last modified 2022-12-06 20:17:03
#  File has been updated.
#  Successfully updated.

/usr/lib/qt/mkspecs/modules/qt_lib_multimediagsttools_private.pri:
#  Implicit rule search has been done.
#  Last modified 2022-10-29 07:20:34
#  File has been updated.
#  Successfully updated.

/usr/lib/qt/mkspecs/features/toolchain.prf:
#  Implicit rule search has been done.
#  Last modified 2022-12-10 02:11:37
#  File has been updated.
#  Successfully updated.

compiler_yacc_decl_make_all:
#  Implicit rule search has not been done.
#  Modification time never checked.
#  File has not been updated.

/usr/lib/qt/mkspecs/features/link_ltcg.prf:
#  Implicit rule search has been done.
#  Last modified 2022-12-10 02:11:37
#  File has been updated.
#  Successfully updated.

/usr/lib/qt/mkspecs/modules/qt_QuickAddons.pri:
#  Implicit rule search has been done.
#  Last modified 2022-12-06 20:49:20
#  File has been updated.
#  Successfully updated.

/usr/lib/qt/mkspecs/modules/qt_lib_location.pri:
#  Implicit rule search has been done.
#  Last modified 2022-10-29 06:17:12
#  File has been updated.
#  Successfully updated.

QtWuziqi: main.o mainwindow.o GameModel.o qrc_resource.o moc_mainwindow.o
#  Implicit rule search has not been done.
#  Last modified 2022-12-11 21:14:22.817250675
#  File has been updated.
#  Successfully updated.
#  recipe to execute (from 'Makefile', line 298):
	$(LINK) $(LFLAGS) -o $(TARGET) $(OBJECTS) $(OBJCOMP) $(LIBS)

compiler_clean: compiler_rcc_clean compiler_moc_predefs_clean compiler_moc_header_clean
#  Implicit rule search has not been done.
#  Modification time never checked.
#  File has not been updated.

/usr/lib/qt/mkspecs/modules/qt_lib_qmltest.pri:
#  Implicit rule search has been done.
#  Last modified 2022-12-09 01:48:18
#  File has been updated.
#  Successfully updated.

/usr/lib/qt/mkspecs/features/ltcg.prf:
#  Implicit rule search has been done.
#  Last modified 2022-12-10 02:11:37
#  File has been updated.
#  Successfully updated.

/usr/lib/qt/mkspecs/modules/qt_KWallet.pri:
#  Implicit rule search has been done.
#  Last modified 2022-12-06 20:43:52
#  File has been updated.
#  Successfully updated.

GameModel.o: GameModel.cpp GameModel.h
#  Implicit rule search has not been done.
#  Last modified 2022-12-11 21:14:21.306244926
#  File has been updated.
#  Successfully updated.
#  recipe to execute (from 'Makefile', line 838):
	$(CXX) -c $(CXXFLAGS) $(INCPATH) -o GameModel.o GameModel.cpp

/usr/lib/qt/mkspecs/modules/qt_KConfigWidgets.pri:
#  Implicit rule search has been done.
#  Last modified 2022-12-06 20:24:22
#  File has been updated.
#  Successfully updated.

/usr/lib/qt/mkspecs/modules/qt_KDSoapServer.pri:
#  Implicit rule search has been done.
#  Last modified 2022-09-15 03:55:40
#  File has been updated.
#  Successfully updated.

benchmark: first
#  Implicit rule search has not been done.
#  Modification time never checked.
#  File has not been updated.

/usr/lib/qt/mkspecs/modules/qt_lib_platformcompositor_support_private.pri:
#  Implicit rule search has been done.
#  Last modified 2022-12-10 02:11:37
#  File has been updated.
#  Successfully updated.

/usr/lib/qt/mkspecs/modules/qt_KIconThemes.pri:
#  Implicit rule search has been done.
#  Last modified 2022-12-06 20:32:43
#  File has been updated.
#  Successfully updated.

/usr/lib/qt/mkspecs/modules/qt_KService.pri:
#  Implicit rule search has been done.
#  Last modified 2022-12-06 20:28:14
#  File has been updated.
#  Successfully updated.

/usr/lib/qt/mkspecs/modules/qt_lib_help.pri:
#  Implicit rule search has been done.
#  Last modified 2022-11-10 17:36:22
#  File has been updated.
#  Successfully updated.

/usr/lib/qt/mkspecs/modules/qt_KSyntaxHighlighting.pri:
#  Implicit rule search has been done.
#  Last modified 2022-12-07 05:53:55
#  File has been updated.
#  Successfully updated.

/usr/lib/qt/mkspecs/features/qt_functions.prf:
#  Implicit rule search has been done.
#  Last modified 2022-12-10 02:11:37
#  File has been updated.
#  Successfully updated.

/usr/lib/qt/mkspecs/modules/qt_lib_egl_support_private.pri:
#  Implicit rule search has been done.
#  Last modified 2022-12-10 02:11:37
#  File has been updated.
#  Successfully updated.

/usr/lib/qt/mkspecs/modules/qt_SonnetCore.pri:
#  Implicit rule search has been done.
#  Last modified 2022-12-06 20:34:00
#  File has been updated.
#  Successfully updated.

# Not a target:
res/sound/lose.wav:
#  Implicit rule search has been done.
#  Last modified 2022-12-11 21:07:24.958885236
#  File has been updated.
#  Successfully updated.

/usr/lib/qt/mkspecs/common/gcc-base-unix.conf:
#  Implicit rule search has been done.
#  Last modified 2022-12-10 02:11:37
#  File has been updated.
#  Successfully updated.

/usr/lib/qt/mkspecs/modules/qt_KPty.pri:
#  Implicit rule search has been done.
#  Last modified 2022-12-06 20:51:21
#  File has been updated.
#  Successfully updated.

/usr/lib/qt/mkspecs/modules/qt_KWaylandClient.pri:
#  Implicit rule search has been done.
#  Last modified 2022-12-06 20:55:04
#  File has been updated.
#  Successfully updated.

/usr/lib/qt/mkspecs/modules/qt_KDeclarative.pri:
#  Implicit rule search has been done.
#  Last modified 2022-12-06 20:49:20
#  File has been updated.
#  Successfully updated.

/usr/lib/qt/mkspecs/modules/qt_Syndication.pri:
#  Implicit rule search has been done.
#  Last modified 2022-12-07 01:37:27
#  File has been updated.
#  Successfully updated.

Makefile: QtWuziqi.pro /usr/lib/qt/mkspecs/linux-g++/qmake.conf /usr/lib/qt/mkspecs/features/spec_pre.prf /usr/lib/qt/mkspecs/common/unix.conf /usr/lib/qt/mkspecs/common/linux.conf /usr/lib/qt/mkspecs/common/sanitize.conf /usr/lib/qt/mkspecs/common/gcc-base.conf /usr/lib/qt/mkspecs/common/gcc-base-unix.conf /usr/lib/qt/mkspecs/common/g++-base.conf /usr/lib/qt/mkspecs/common/g++-unix.conf /usr/lib/qt/mkspecs/qconfig.pri /usr/lib/qt/mkspecs/modules/qt_Attica.pri /usr/lib/qt/mkspecs/modules/qt_Baloo.pri /usr/lib/qt/mkspecs/modules/qt_KActivities.pri /usr/lib/qt/mkspecs/modules/qt_KActivitiesStats.pri /usr/lib/qt/mkspecs/modules/qt_KArchive.pri /usr/lib/qt/mkspecs/modules/qt_KAuth.pri /usr/lib/qt/mkspecs/modules/qt_KAuthCore.pri /usr/lib/qt/mkspecs/modules/qt_KBookmarks.pri /usr/lib/qt/mkspecs/modules/qt_KCMUtils.pri /usr/lib/qt/mkspecs/modules/qt_KCodecs.pri /usr/lib/qt/mkspecs/modules/qt_KCompletion.pri /usr/lib/qt/mkspecs/modules/qt_KConfigCore.pri /usr/lib/qt/mkspecs/modules/qt_KConfigGui.pri /usr/lib/qt/mkspecs/modules/qt_KConfigWidgets.pri /usr/lib/qt/mkspecs/modules/qt_KCoreAddons.pri /usr/lib/qt/mkspecs/modules/qt_KCrash.pri /usr/lib/qt/mkspecs/modules/qt_KDBusAddons.pri /usr/lib/qt/mkspecs/modules/qt_KDeclarative.pri /usr/lib/qt/mkspecs/modules/qt_KDESu.pri /usr/lib/qt/mkspecs/modules/qt_KDNSSD.pri /usr/lib/qt/mkspecs/modules/qt_KDSoapClient.pri /usr/lib/qt/mkspecs/modules/qt_KDSoapServer.pri /usr/lib/qt/mkspecs/modules/qt_KEmoticons.pri /usr/lib/qt/mkspecs/modules/qt_KFileMetaData.pri /usr/lib/qt/mkspecs/modules/qt_KGlobalAccel.pri /usr/lib/qt/mkspecs/modules/qt_KGuiAddons.pri /usr/lib/qt/mkspecs/modules/qt_KHolidays.pri /usr/lib/qt/mkspecs/modules/qt_KI18n.pri /usr/lib/qt/mkspecs/modules/qt_KIconThemes.pri /usr/lib/qt/mkspecs/modules/qt_KIdleTime.pri /usr/lib/qt/mkspecs/modules/qt_KIOCore.pri /usr/lib/qt/mkspecs/modules/qt_KIOFileWidgets.pri /usr/lib/qt/mkspecs/modules/qt_KIOGui.pri /usr/lib/qt/mkspecs/modules/qt_KIOWidgets.pri /usr/lib/qt/mkspecs/modules/qt_Kirigami2.pri /usr/lib/qt/mkspecs/modules/qt_KItemModels.pri /usr/lib/qt/mkspecs/modules/qt_KItemViews.pri /usr/lib/qt/mkspecs/modules/qt_KJobWidgets.pri /usr/lib/qt/mkspecs/modules/qt_KNewStuff.pri /usr/lib/qt/mkspecs/modules/qt_KNewStuffCore.pri /usr/lib/qt/mkspecs/modules/qt_KNotifications.pri /usr/lib/qt/mkspecs/modules/qt_KNotifyConfig.pri /usr/lib/qt/mkspecs/modules/qt_KNTLM.pri /usr/lib/qt/mkspecs/modules/qt_KParts.pri /usr/lib/qt/mkspecs/modules/qt_KPeople.pri /usr/lib/qt/mkspecs/modules/qt_KPeopleWidgets.pri /usr/lib/qt/mkspecs/modules/qt_KPty.pri /usr/lib/qt/mkspecs/modules/qt_KRunner.pri /usr/lib/qt/mkspecs/modules/qt_KScreen.pri /usr/lib/qt/mkspecs/modules/qt_KService.pri /usr/lib/qt/mkspecs/modules/qt_KSyntaxHighlighting.pri /usr/lib/qt/mkspecs/modules/qt_KTextEditor.pri /usr/lib/qt/mkspecs/modules/qt_KTextWidgets.pri /usr/lib/qt/mkspecs/modules/qt_KUnitConversion.pri /usr/lib/qt/mkspecs/modules/qt_KUserFeedbackCore.pri /usr/lib/qt/mkspecs/modules/qt_KUserFeedbackWidgets.pri /usr/lib/qt/mkspecs/modules/qt_KWallet.pri /usr/lib/qt/mkspecs/modules/qt_KWaylandClient.pri /usr/lib/qt/mkspecs/modules/qt_KWaylandServer.pri /usr/lib/qt/mkspecs/modules/qt_KWidgetsAddons.pri /usr/lib/qt/mkspecs/modules/qt_KWindowSystem.pri /usr/lib/qt/mkspecs/modules/qt_KXmlGui.pri /usr/lib/qt/mkspecs/modules/qt_lib_accessibility_support_private.pri /usr/lib/qt/mkspecs/modules/qt_lib_bootstrap_private.pri /usr/lib/qt/mkspecs/modules/qt_lib_charts.pri /usr/lib/qt/mkspecs/modules/qt_lib_charts_private.pri /usr/lib/qt/mkspecs/modules/qt_lib_concurrent.pri /usr/lib/qt/mkspecs/modules/qt_lib_concurrent_private.pri /usr/lib/qt/mkspecs/modules/qt_lib_core.pri /usr/lib/qt/mkspecs/modules/qt_lib_core_private.pri /usr/lib/qt/mkspecs/modules/qt_lib_dbus.pri /usr/lib/qt/mkspecs/modules/qt_lib_dbus_private.pri /usr/lib/qt/mkspecs/modules/qt_lib_designer.pri /usr/lib/qt/mkspecs/modules/qt_lib_designer_private.pri /usr/lib/qt/mkspecs/modules/qt_lib_designercomponents_private.pri /usr/lib/qt/mkspecs/modules/qt_lib_devicediscovery_support_private.pri /usr/lib/qt/mkspecs/modules/qt_lib_edid_support_private.pri /usr/lib/qt/mkspecs/modules/qt_lib_egl_support_private.pri /usr/lib/qt/mkspecs/modules/qt_lib_eglfs_kms_support_private.pri /usr/lib/qt/mkspecs/modules/qt_lib_eglfsdeviceintegration_private.pri /usr/lib/qt/mkspecs/modules/qt_lib_eventdispatcher_support_private.pri /usr/lib/qt/mkspecs/modules/qt_lib_fb_support_private.pri /usr/lib/qt/mkspecs/modules/qt_lib_fontdatabase_support_private.pri /usr/lib/qt/mkspecs/modules/qt_lib_glx_support_private.pri /usr/lib/qt/mkspecs/modules/qt_lib_gui.pri /usr/lib/qt/mkspecs/modules/qt_lib_gui_private.pri /usr/lib/qt/mkspecs/modules/qt_lib_help.pri /usr/lib/qt/mkspecs/modules/qt_lib_help_private.pri /usr/lib/qt/mkspecs/modules/qt_lib_input_support_private.pri /usr/lib/qt/mkspecs/modules/qt_lib_kms_support_private.pri /usr/lib/qt/mkspecs/modules/qt_lib_linuxaccessibility_support_private.pri /usr/lib/qt/mkspecs/modules/qt_lib_location.pri /usr/lib/qt/mkspecs/modules/qt_lib_location_private.pri /usr/lib/qt/mkspecs/modules/qt_lib_multimedia.pri /usr/lib/qt/mkspecs/modules/qt_lib_multimedia_private.pri /usr/lib/qt/mkspecs/modules/qt_lib_multimediagsttools_private.pri /usr/lib/qt/mkspecs/modules/qt_lib_multimediawidgets.pri /usr/lib/qt/mkspecs/modules/qt_lib_multimediawidgets_private.pri /usr/lib/qt/mkspecs/modules/qt_lib_network.pri /usr/lib/qt/mkspecs/modules/qt_lib_network_private.pri /usr/lib/qt/mkspecs/modules/qt_lib_opengl.pri /usr/lib/qt/mkspecs/modules/qt_lib_opengl_private.pri /usr/lib/qt/mkspecs/modules/qt_lib_openglextensions.pri /usr/lib/qt/mkspecs/modules/qt_lib_openglextensions_private.pri /usr/lib/qt/mkspecs/modules/qt_lib_packetprotocol_private.pri /usr/lib/qt/mkspecs/modules/qt_lib_pdf.pri /usr/lib/qt/mkspecs/modules/qt_lib_pdf_private.pri /usr/lib/qt/mkspecs/modules/qt_lib_pdfwidgets.pri /usr/lib/qt/mkspecs/modules/qt_lib_pdfwidgets_private.pri /usr/lib/qt/mkspecs/modules/qt_lib_platformcompositor_support_private.pri /usr/lib/qt/mkspecs/modules/qt_lib_positioning.pri /usr/lib/qt/mkspecs/modules/qt_lib_positioning_private.pri /usr/lib/qt/mkspecs/modules/qt_lib_positioningquick.pri /usr/lib/qt/mkspecs/modules/qt_lib_positioningquick_private.pri /usr/lib/qt/mkspecs/modules/qt_lib_printsupport.pri /usr/lib/qt/mkspecs/modules/qt_lib_printsupport_private.pri /usr/lib/qt/mkspecs/modules/qt_lib_qml.pri /usr/lib/qt/mkspecs/modules/qt_lib_qml_private.pri /usr/lib/qt/mkspecs/modules/qt_lib_qmldebug_private.pri /usr/lib/qt/mkspecs/modules/qt_lib_qmldevtools_private.pri /usr/lib/qt/mkspecs/modules/qt_lib_qmlmodels.pri /usr/lib/qt/mkspecs/modules/qt_lib_qmlmodels_private.pri /usr/lib/qt/mkspecs/modules/qt_lib_qmltest.pri /usr/lib/qt/mkspecs/modules/qt_lib_qmltest_private.pri /usr/lib/qt/mkspecs/modules/qt_lib_qmlworkerscript.pri /usr/lib/qt/mkspecs/modules/qt_lib_qmlworkerscript_private.pri /usr/lib/qt/mkspecs/modules/qt_lib_qtmultimediaquicktools_private.pri /usr/lib/qt/mkspecs/modules/qt_lib_quick.pri /usr/lib/qt/mkspecs/modules/qt_lib_quick_private.pri /usr/lib/qt/mkspecs/modules/qt_lib_quickcontrols2.pri /usr/lib/qt/mkspecs/modules/qt_lib_quickcontrols2_private.pri /usr/lib/qt/mkspecs/modules/qt_lib_quickparticles_private.pri /usr/lib/qt/mkspecs/modules/qt_lib_quickshapes_private.pri /usr/lib/qt/mkspecs/modules/qt_lib_quicktemplates2.pri /usr/lib/qt/mkspecs/modules/qt_lib_quicktemplates2_private.pri /usr/lib/qt/mkspecs/modules/qt_lib_quickwidgets.pri /usr/lib/qt/mkspecs/modules/qt_lib_quickwidgets_private.pri /usr/lib/qt/mkspecs/modules/qt_lib_sensors.pri /usr/lib/qt/mkspecs/modules/qt_lib_sensors_private.pri /usr/lib/qt/mkspecs/modules/qt_lib_service_support_private.pri /usr/lib/qt/mkspecs/modules/qt_lib_sql.pri /usr/lib/qt/mkspecs/modules/qt_lib_sql_private.pri /usr/lib/qt/mkspecs/modules/qt_lib_svg.pri /usr/lib/qt/mkspecs/modules/qt_lib_svg_private.pri /usr/lib/qt/mkspecs/modules/qt_lib_testlib.pri /usr/lib/qt/mkspecs/modules/qt_lib_testlib_private.pri /usr/lib/qt/mkspecs/modules/qt_lib_texttospeech.pri /usr/lib/qt/mkspecs/modules/qt_lib_texttospeech_private.pri /usr/lib/qt/mkspecs/modules/qt_lib_theme_support_private.pri /usr/lib/qt/mkspecs/modules/qt_lib_uiplugin.pri /usr/lib/qt/mkspecs/modules/qt_lib_uitools.pri /usr/lib/qt/mkspecs/modules/qt_lib_uitools_private.pri /usr/lib/qt/mkspecs/modules/qt_lib_vulkan_support_private.pri /usr/lib/qt/mkspecs/modules/qt_lib_waylandclient.pri /usr/lib/qt/mkspecs/modules/qt_lib_waylandclient_private.pri /usr/lib/qt/mkspecs/modules/qt_lib_waylandcompositor.pri /usr/lib/qt/mkspecs/modules/qt_lib_waylandcompositor_private.pri /usr/lib/qt/mkspecs/modules/qt_lib_webchannel.pri /usr/lib/qt/mkspecs/modules/qt_lib_webchannel_private.pri /usr/lib/qt/mkspecs/modules/qt_lib_webengine.pri /usr/lib/qt/mkspecs/modules/qt_lib_webengine_private.pri /usr/lib/qt/mkspecs/modules/qt_lib_webenginecore.pri /usr/lib/qt/mkspecs/modules/qt_lib_webenginecore_private.pri /usr/lib/qt/mkspecs/modules/qt_lib_webenginecoreheaders_private.pri /usr/lib/qt/mkspecs/modules/qt_lib_webenginewidgets.pri /usr/lib/qt/mkspecs/modules/qt_lib_webenginewidgets_private.pri /usr/lib/qt/mkspecs/modules/qt_lib_webkit.pri /usr/lib/qt/mkspecs/modules/qt_lib_webkit_private.pri /usr/lib/qt/mkspecs/modules/qt_lib_webkitwidgets.pri /usr/lib/qt/mkspecs/modules/qt_lib_webkitwidgets_private.pri /usr/lib/qt/mkspecs/modules/qt_lib_widgets.pri /usr/lib/qt/mkspecs/modules/qt_lib_widgets_private.pri /usr/lib/qt/mkspecs/modules/qt_lib_x11extras.pri /usr/lib/qt/mkspecs/modules/qt_lib_x11extras_private.pri /usr/lib/qt/mkspecs/modules/qt_lib_xcb_qpa_lib_private.pri /usr/lib/qt/mkspecs/modules/qt_lib_xkbcommon_support_private.pri /usr/lib/qt/mkspecs/modules/qt_lib_xml.pri /usr/lib/qt/mkspecs/modules/qt_lib_xml_private.pri /usr/lib/qt/mkspecs/modules/qt_phonon4qt5.pri /usr/lib/qt/mkspecs/modules/qt_Prison.pri /usr/lib/qt/mkspecs/modules/qt_QuickAddons.pri /usr/lib/qt/mkspecs/modules/qt_Solid.pri /usr/lib/qt/mkspecs/modules/qt_SonnetCore.pri /usr/lib/qt/mkspecs/modules/qt_SonnetUi.pri /usr/lib/qt/mkspecs/modules/qt_Syndication.pri /usr/lib/qt/mkspecs/modules/qt_ThreadWeaver.pri /usr/lib/qt/mkspecs/features/qt_functions.prf /usr/lib/qt/mkspecs/features/qt_config.prf /usr/lib/qt/mkspecs/linux-g++/qmake.conf /usr/lib/qt/mkspecs/features/spec_post.prf .qmake.stash /usr/lib/qt/mkspecs/features/exclusive_builds.prf /usr/lib/qt/mkspecs/features/toolchain.prf /usr/lib/qt/mkspecs/features/default_pre.prf /usr/lib/qt/mkspecs/features/resolve_config.prf /usr/lib/qt/mkspecs/features/default_post.prf /usr/lib/qt/mkspecs/features/link_ltcg.prf /usr/lib/qt/mkspecs/features/ltcg.prf /usr/lib/qt/mkspecs/features/warn_on.prf /usr/lib/qt/mkspecs/features/qt.prf /usr/lib/qt/mkspecs/features/resources_functions.prf /usr/lib/qt/mkspecs/features/resources.prf /usr/lib/qt/mkspecs/features/moc.prf /usr/lib/qt/mkspecs/features/unix/opengl.prf /usr/lib/qt/mkspecs/features/uic.prf /usr/lib/qt/mkspecs/features/unix/thread.prf /usr/lib/qt/mkspecs/features/qmake_use.prf /usr/lib/qt/mkspecs/features/file_copies.prf /usr/lib/qt/mkspecs/features/testcase_targets.prf /usr/lib/qt/mkspecs/features/exceptions.prf /usr/lib/qt/mkspecs/features/yacc.prf /usr/lib/qt/mkspecs/features/lex.prf QtWuziqi.pro resource.qrc
#  Implicit rule search has not been done.
 
#  Last modified 2022-12-16 13:00:41.139889432
#  File has been updated.
#  Successfully updated.
#  recipe to execute (from 'Makefile', line 523):
	$(QMAKE) -o Makefile QtWuziqi.pro

moc_mainwindow.cpp: mainwindow.h GameModel.h moc_predefs.h /usr/bin/moc
#  Implicit rule search has not been done.
#  Last modified 2022-12-11 21:14:21.444245453
#  File has been updated.
#  Successfully updated.
#  recipe to execute (from 'Makefile', line 811):
	/usr/bin/moc $(DEFINES) --include /home/hydroakri/QtWuziqi/moc_predefs.h -I/usr/lib/qt/mkspecs/linux-g++ -I/home/hydroakri/QtWuziqi -I/usr/include/qt -I/usr/include/qt/QtMultimedia -I/usr/include/qt/QtWidgets -I/usr/include/qt/QtGui -I/usr/include/qt/QtNetwork -I/usr/include/qt/QtCore -I/usr/include/c++/12.2.0 -I/usr/include/c++/12.2.0/x86_64-pc-linux-gnu -I/usr/include/c++/12.2.0/backward -I/usr/lib/gcc/x86_64-pc-linux-gnu/12.2.0/include -I/usr/local/include -I/usr/lib/gcc/x86_64-pc-linux-gnu/12.2.0/include-fixed -I/usr/include mainwindow.h -o moc_mainwindow.cpp

/usr/lib/qt/mkspecs/modules/qt_lib_bootstrap_private.pri:
#  Implicit rule search has been done.
#  Last modified 2022-12-10 02:11:37
#  File has been updated.
#  Successfully updated.

/usr/lib/qt/mkspecs/modules/qt_lib_xcb_qpa_lib_private.pri:
#  Implicit rule search has been done.
#  Last modified 2022-12-10 02:11:37
#  File has been updated.
#  Successfully updated.

/usr/lib/qt/mkspecs/modules/qt_KRunner.pri:
#  Implicit rule search has been done.
#  Last modified 2022-12-07 01:20:11
#  File has been updated.
#  Successfully updated.

/usr/lib/qt/mkspecs/modules/qt_KConfigGui.pri:
#  Implicit rule search has been done.
#  Last modified 2022-12-06 20:21:26
#  File has been updated.
#  Successfully updated.

/usr/lib/qt/mkspecs/modules/qt_lib_widgets_private.pri:
#  Implicit rule search has been done.
#  Last modified 2022-12-10 02:11:37
#  File has been updated.
#  Successfully updated.

/usr/lib/qt/mkspecs/modules/qt_KWidgetsAddons.pri:
#  Implicit rule search has been done.
#  Last modified 2022-12-06 20:22:07
#  File has been updated.
#  Successfully updated.

/usr/lib/qt/mkspecs/modules/qt_lib_printsupport_private.pri:
#  Implicit rule search has been done.
#  Last modified 2022-12-10 02:11:37
#  File has been updated.
#  Successfully updated.

/usr/lib/qt/mkspecs/modules/qt_lib_texttospeech_private.pri:
#  Implicit rule search has been done.
#  Last modified 2022-10-29 07:35:00
#  File has been updated.
#  Successfully updated.

distdir: FORCE
#  Implicit rule search has not been done.
#  Modification time never checked.
#  File has not been updated.
#  recipe to execute (from 'Makefile', line 759):
	@test -d $(DISTDIR) || mkdir -p $(DISTDIR)
	$(COPY_FILE) --parents $(DIST) $(DISTDIR)/
	$(COPY_FILE) --parents resource.qrc $(DISTDIR)/
	$(COPY_FILE) --parents /usr/lib/qt/mkspecs/features/data/dummy.cpp $(DISTDIR)/
	$(COPY_FILE) --parents mainwindow.h GameModel.h $(DISTDIR)/
	$(COPY_FILE) --parents main.cpp mainwindow.cpp GameModel.cpp $(DISTDIR)/

/usr/lib/qt/mkspecs/modules/qt_lib_waylandclient_private.pri:
#  Implicit rule search has been done.
#  Last modified 2022-12-05 06:02:11
#  File has been updated.
#  Successfully updated.

/usr/lib/qt/mkspecs/modules/qt_lib_input_support_private.pri:
#  Implicit rule search has been done.
#  Last modified 2022-12-10 02:11:37
#  File has been updated.
#  Successfully updated.

uninstall: FORCE
#  Implicit rule search has not been done.
#  Modification time never checked.
#  File has not been updated.

/usr/lib/qt/mkspecs/modules/qt_lib_webchannel_private.pri:
#  Implicit rule search has been done.
#  Last modified 2022-10-29 06:25:50
#  File has been updated.
#  Successfully updated.

compiler_yacc_impl_clean:
#  Implicit rule search has not been done.
#  Modification time never checked.
#  File has not been updated.

/usr/lib/qt/mkspecs/modules/qt_lib_fb_support_private.pri:
#  Implicit rule search has been done.
#  Last modified 2022-12-10 02:11:37
#  File has been updated.
#  Successfully updated.

clean: compiler_clean
#  Implicit rule search has not been done.
#  Modification time never checked.
#  File has not been updated.
#  recipe to execute (from 'Makefile', line 768):
	-$(DEL_FILE) $(OBJECTS)
	-$(DEL_FILE) *~ core *.core

/usr/lib/qt/mkspecs/features/resources.prf:
#  Implicit rule search has been done.
#  Last modified 2022-12-10 02:11:37
#  File has been updated.
#  Successfully updated.

/usr/lib/qt/mkspecs/modules/qt_lib_gui_private.pri:
#  Implicit rule search has been done.
#  Last modified 2022-12-10 02:11:37
#  File has been updated.
#  Successfully updated.

/usr/lib/qt/mkspecs/modules/qt_phonon4qt5.pri:
#  Implicit rule search has been done.
#  Last modified 2022-02-02 22:27:28
#  File has been updated.
#  Successfully updated.

/usr/lib/qt/mkspecs/modules/qt_lib_sql_private.pri:
#  Implicit rule search has been done.
#  Last modified 2022-12-10 02:11:37
#  File has been updated.
#  Successfully updated.

compiler_uic_clean:
#  Implicit rule search has not been done.
#  Modification time never checked.
#  File has not been updated.

/usr/lib/qt/mkspecs/modules/qt_lib_eventdispatcher_support_private.pri:
#  Implicit rule search has been done.
#  Last modified 2022-12-10 02:11:37
#  File has been updated.
#  Successfully updated.

/usr/lib/qt/mkspecs/modules/qt_lib_qmlmodels_private.pri:
#  Implicit rule search has been done.
#  Last modified 2022-12-09 01:48:18
#  File has been updated.
#  Successfully updated.

/usr/lib/qt/mkspecs/modules/qt_lib_x11extras_private.pri:
#  Implicit rule search has been done.
#  Last modified 2022-10-29 07:41:49
#  File has been updated.
#  Successfully updated.

/usr/lib/qt/mkspecs/modules/qt_KUnitConversion.pri:
#  Implicit rule search has been done.
#  Last modified 2022-12-06 20:51:52
#  File has been updated.
#  Successfully updated.

/usr/lib/qt/mkspecs/modules/qt_lib_qtmultimediaquicktools_private.pri:
#  Implicit rule search has been done.
#  Last modified 2022-10-29 07:20:34
#  File has been updated.
#  Successfully updated.

/usr/lib/qt/mkspecs/modules/qt_KAuth.pri:
#  Implicit rule search has been done.
#  Last modified 2022-12-06 20:20:18
#  File has been updated.
#  Successfully updated.

/usr/lib/qt/mkspecs/modules/qt_lib_accessibility_support_private.pri:
#  Implicit rule search has been done.
#  Last modified 2022-12-10 02:11:37
#  File has been updated.
#  Successfully updated.

/usr/lib/qt/mkspecs/modules/qt_lib_theme_support_private.pri:
#  Implicit rule search has been done.
#  Last modified 2022-12-10 02:11:37
#  File has been updated.
#  Successfully updated.

compiler_moc_source_clean:
#  Implicit rule search has not been done.
#  Modification time never checked.
#  File has not been updated.

/usr/lib/qt/mkspecs/modules/qt_lib_webengine.pri:
#  Implicit rule search has been done.
#  Last modified 2022-12-06 20:23:55
#  File has been updated.
#  Successfully updated.

/usr/lib/qt/mkspecs/modules/qt_lib_pdfwidgets_private.pri:
#  Implicit rule search has been done.
#  Last modified 2022-12-06 20:23:55
#  File has been updated.
#  Successfully updated.

# Not a target:
GameModel.cpp:
#  Implicit rule search has been done.
#  Last modified 2022-12-11 21:07:24.957885314
#  File has been updated.
#  Successfully updated.

/usr/lib/qt/mkspecs/modules/qt_KCodecs.pri:
#  Implicit rule search has been done.
#  Last modified 2022-12-06 20:20:55
#  File has been updated.
#  Successfully updated.

/usr/lib/qt/mkspecs/modules/qt_KNotifyConfig.pri:
#  Implicit rule search has been done.
#  Last modified 2022-12-07 01:16:33
#  File has been updated.
#  Successfully updated.

/usr/lib/qt/mkspecs/modules/qt_KIOWidgets.pri:
#  Implicit rule search has been done.
#  Last modified 2022-12-06 20:45:16
#  File has been updated.
#  Successfully updated.

/usr/lib/qt/mkspecs/modules/qt_lib_charts_private.pri:
#  Implicit rule search has been done.
#  Last modified 2022-10-29 07:14:27
#  File has been updated.
#  Successfully updated.

/usr/lib/qt/mkspecs/features/resources_functions.prf:
#  Implicit rule search has been done.
#  Last modified 2022-12-10 02:11:37
#  File has been updated.
#  Successfully updated.

# Not a target:
GameModel.h:
#  Implicit rule search has been done.
#  Last modified 2022-12-11 21:07:24.957885314
#  File has been updated.
#  Successfully updated.

compiler_moc_predefs_make_all: moc_predefs.h
#  Implicit rule search has not been done.
#  Modification time never checked.
#  File has not been updated.

/usr/lib/qt/mkspecs/modules/qt_KIOGui.pri:
#  Implicit rule search has been done.
#  Last modified 2022-12-06 20:45:16
#  File has been updated.
#  Successfully updated.

/usr/lib/qt/mkspecs/modules/qt_lib_quicktemplates2_private.pri:
#  Implicit rule search has been done.
#  Last modified 2022-12-06 06:35:33
#  File has been updated.
#  Successfully updated.

/usr/lib/qt/mkspecs/modules/qt_ThreadWeaver.pri:
#  Implicit rule search has been done.
#  Last modified 2022-12-06 20:52:26
#  File has been updated.
#  Successfully updated.

/usr/lib/qt/mkspecs/features/lex.prf:
#  Implicit rule search has been done.
#  Last modified 2022-12-10 02:11:37
#  File has been updated.
#  Successfully updated.

# Not a target:
res/sound/chessone.wav:
#  Implicit rule search has been done.
#  Last modified 2022-12-11 21:07:24.958885236
#  File has been updated.
#  Successfully updated.

qrc_resource.o: qrc_resource.cpp
#  Implicit rule search has not been done.
#  Last modified 2022-12-11 21:14:21.342245064
#  File has been updated.
#  Successfully updated.
#  recipe to execute (from 'Makefile', line 841):
	$(CXX) -c $(CXXFLAGS) $(INCPATH) -o qrc_resource.o qrc_resource.cpp

/usr/lib/qt/mkspecs/modules/qt_KNewStuffCore.pri:
#  Implicit rule search has been done.
#  Last modified 2022-12-07 00:52:39
#  File has been updated.
#  Successfully updated.

/usr/lib/qt/mkspecs/modules/qt_lib_pdfwidgets.pri:
#  Implicit rule search has been done.
#  Last modified 2022-12-06 20:23:55
#  File has been updated.
#  Successfully updated.

/usr/lib/qt/mkspecs/modules/qt_lib_eglfs_kms_support_private.pri:
#  Implicit rule search has been done.
#  Last modified 2022-12-10 02:11:37
#  File has been updated.
#  Successfully updated.

/usr/lib/qt/mkspecs/modules/qt_lib_kms_support_private.pri:
#  Implicit rule search has been done.
#  Last modified 2022-12-10 02:11:37
#  File has been updated.
#  Successfully updated.

/usr/lib/qt/mkspecs/modules/qt_KItemModels.pri:
#  Implicit rule search has been done.
#  Last modified 2022-12-07 01:15:23
#  File has been updated.
#  Successfully updated.

compiler_moc_header_clean:
#  Implicit rule search has not been done.
#  Modification time never checked.
#  File has not been updated.
#  recipe to execute (from 'Makefile', line 806):
	-$(DEL_FILE) moc_mainwindow.cpp

QtWuziqi.pro:
#  Implicit rule search has been done.
#  Last modified 2022-12-11 21:07:24.957885314
#  File has been updated.
#  Successfully updated.

compiler_moc_objc_header_make_all:
#  Implicit rule search has not been done.
#  Modification time never checked.
#  File has not been updated.

/usr/lib/qt/mkspecs/modules/qt_KI18n.pri:
#  Implicit rule search has been done.
#  Last modified 2022-12-06 20:18:15
#  File has been updated.
#  Successfully updated.

/usr/lib/qt/mkspecs/modules/qt_KHolidays.pri:
#  Implicit rule search has been done.
#  Last modified 2022-12-07 01:13:00
#  File has been updated.
#  Successfully updated.

/usr/lib/qt/mkspecs/modules/qt_Kirigami2.pri:
#  Implicit rule search has been done.
#  Last modified 2022-12-08 19:38:23
#  File has been updated.
#  Successfully updated.

/usr/lib/qt/mkspecs/modules/qt_lib_webenginecoreheaders_private.pri:
#  Implicit rule search has been done.
#  Last modified 2022-12-06 20:23:55
#  File has been updated.
#  Successfully updated.

compiler_yacc_impl_make_all:
#  Implicit rule search has not been done.
#  Modification time never checked.
#  File has not been updated.

/usr/lib/qt/mkspecs/features/unix/thread.prf:
#  Implicit rule search has been done.
#  Last modified 2022-12-10 02:11:37
#  File has been updated.
#  Successfully updated.

/usr/lib/qt/mkspecs/modules/qt_lib_pdf_private.pri:
#  Implicit rule search has been done.
#  Last modified 2022-12-06 20:23:55
#  File has been updated.
#  Successfully updated.

/usr/lib/qt/mkspecs/modules/qt_lib_opengl_private.pri:
#  Implicit rule search has been done.
#  Last modified 2022-12-10 02:11:37
#  File has been updated.
#  Successfully updated.

/usr/lib/qt/mkspecs/modules/qt_lib_designer_private.pri:
#  Implicit rule search has been done.
#  Last modified 2022-11-10 17:36:22
#  File has been updated.
#  Successfully updated.

/usr/lib/qt/mkspecs/modules/qt_KIOFileWidgets.pri:
#  Implicit rule search has been done.
#  Last modified 2022-12-06 20:45:16
#  File has been updated.
#  Successfully updated.

/usr/lib/qt/mkspecs/modules/qt_lib_quicktemplates2.pri:
#  Implicit rule search has been done.
#  Last modified 2022-12-06 06:35:33
#  File has been updated.
#  Successfully updated.

/usr/lib/qt/mkspecs/modules/qt_Solid.pri:
#  Implicit rule search has been done.
#  Last modified 2022-12-06 20:39:33
#  File has been updated.
#  Successfully updated.

/usr/lib/qt/mkspecs/modules/qt_lib_qmlworkerscript.pri:
#  Implicit rule search has been done.
#  Last modified 2022-12-09 01:48:18
#  File has been updated.
#  Successfully updated.

/usr/lib/qt/mkspecs/modules/qt_lib_webenginewidgets.pri:
#  Implicit rule search has been done.
#  Last modified 2022-12-06 20:23:55
#  File has been updated.
#  Successfully updated.

/usr/lib/qt/mkspecs/modules/qt_KGlobalAccel.pri:
#  Implicit rule search has been done.
#  Last modified 2022-12-06 20:29:40
#  File has been updated.
#  Successfully updated.

/usr/lib/qt/mkspecs/modules/qt_KIOCore.pri:
#  Implicit rule search has been done.
#  Last modified 2022-12-06 20:45:16
#  File has been updated.
#  Successfully updated.

/usr/lib/qt/mkspecs/common/unix.conf:
#  Implicit rule search has been done.
#  Last modified 2022-12-10 02:11:37
#  File has been updated.
#  Successfully updated.

/usr/lib/qt/mkspecs/modules/qt_KBookmarks.pri:
#  Implicit rule search has been done.
#  Last modified 2022-12-06 20:38:22
#  File has been updated.
#  Successfully updated.

/usr/lib/qt/mkspecs/modules/qt_lib_core.pri:
#  Implicit rule search has been done.
#  Last modified 2022-12-10 02:11:37
#  File has been updated.
#  Successfully updated.

/usr/lib/qt/mkspecs/modules/qt_lib_pdf.pri:
#  Implicit rule search has been done.
#  Last modified 2022-12-06 20:23:55
#  File has been updated.
#  Successfully updated.

/usr/lib/qt/mkspecs/modules/qt_KDSoapClient.pri:
#  Implicit rule search has been done.
#  Last modified 2022-09-15 03:55:40
#  File has been updated.
#  Successfully updated.

/usr/lib/qt/mkspecs/modules/qt_lib_quickshapes_private.pri:
#  Implicit rule search has been done.
#  Last modified 2022-12-09 01:48:18
#  File has been updated.
#  Successfully updated.

/usr/lib/qt/mkspecs/common/sanitize.conf:
#  Implicit rule search has been done.
#  Last modified 2022-12-10 02:11:37
#  File has been updated.
#  Successfully updated.

/usr/lib/qt/mkspecs/modules/qt_lib_webkitwidgets_private.pri:
#  Implicit rule search has been done.
#  Last modified 2022-10-30 00:05:34
#  File has been updated.
#  Successfully updated.

/usr/lib/qt/mkspecs/modules/qt_lib_opengl.pri:
#  Implicit rule search has been done.
#  Last modified 2022-12-10 02:11:37
#  File has been updated.
#  Successfully updated.

# Not a target:
.DEFAULT:
#  Implicit rule search has not been done.
#  Modification time never checked.
#  File has not been updated.

/usr/lib/qt/mkspecs/modules/qt_lib_service_support_private.pri:
#  Implicit rule search has been done.
#  Last modified 2022-12-10 02:11:37
#  File has been updated.
#  Successfully updated.

/usr/lib/qt/mkspecs/modules/qt_lib_quickwidgets.pri:
#  Implicit rule search has been done.
#  Last modified 2022-12-09 01:48:18
#  File has been updated.
#  Successfully updated.

/usr/lib/qt/mkspecs/features/qt_config.prf:
#  Implicit rule search has been done.
#  Last modified 2022-12-10 02:11:37
#  File has been updated.
#  Successfully updated.

/usr/lib/qt/mkspecs/modules/qt_KDESu.pri:
#  Implicit rule search has been done.
#  Last modified 2022-12-07 01:10:45
#  File has been updated.
#  Successfully updated.

/usr/lib/qt/mkspecs/modules/qt_lib_fontdatabase_support_private.pri:
#  Implicit rule search has been done.
#  Last modified 2022-12-10 02:11:37
#  File has been updated.
#  Successfully updated.

/usr/lib/qt/mkspecs/modules/qt_lib_dbus.pri:
#  Implicit rule search has been done.
#  Last modified 2022-12-10 02:11:37
#  File has been updated.
#  Successfully updated.

/usr/lib/qt/mkspecs/modules/qt_KScreen.pri:
#  Implicit rule search has been done.
#  Last modified 2022-11-29 23:32:58
#  File has been updated.
#  Successfully updated.

/usr/lib/qt/mkspecs/modules/qt_lib_glx_support_private.pri:
#  Implicit rule search has been done.
 
#  Last modified 2022-12-10 02:11:37
#  File has been updated.
#  Successfully updated.

/usr/lib/qt/mkspecs/modules/qt_lib_location_private.pri:
#  Implicit rule search has been done.
#  Last modified 2022-10-29 06:17:12
#  File has been updated.
#  Successfully updated.

/usr/lib/qt/mkspecs/modules/qt_KWindowSystem.pri:
#  Implicit rule search has been done.
#  Last modified 2022-12-06 20:25:01
#  File has been updated.
#  Successfully updated.

/usr/lib/qt/mkspecs/features/spec_post.prf:
#  Implicit rule search has been done.
#  Last modified 2022-12-10 02:11:37
#  File has been updated.
#  Successfully updated.

compiler_rcc_clean:
#  Implicit rule search has not been done.
#  Modification time never checked.
#  File has not been updated.
#  recipe to execute (from 'Makefile', line 790):
	-$(DEL_FILE) qrc_resource.cpp

all: Makefile QtWuziqi
#  Command line target.
#  Implicit rule search has been done.
#  File does not exist.
#  File has been updated.
#  Successfully updated.

/usr/lib/qt/mkspecs/modules/qt_KIdleTime.pri:
#  Implicit rule search has been done.
#  Last modified 2022-12-06 21:11:40
#  File has been updated.
#  Successfully updated.

/usr/lib/qt/mkspecs/features/exceptions.prf:
#  Implicit rule search has been done.
#  Last modified 2022-12-10 02:11:37
#  File has been updated.
#  Successfully updated.

/usr/lib/qt/mkspecs/modules/qt_lib_charts.pri:
#  Implicit rule search has been done.
#  Last modified 2022-10-29 07:14:27
#  File has been updated.
#  Successfully updated.

/usr/lib/qt/mkspecs/modules/qt_lib_waylandcompositor_private.pri:
#  Implicit rule search has been done.
#  Last modified 2022-12-05 06:02:11
#  File has been updated.
#  Successfully updated.

/usr/lib/qt/mkspecs/features/default_post.prf:
#  Implicit rule search has been done.
#  Last modified 2022-12-10 02:11:37
#  File has been updated.
#  Successfully updated.

/usr/lib/qt/mkspecs/modules/qt_SonnetUi.pri:
#  Implicit rule search has been done.
#  Last modified 2022-12-06 20:34:00
#  File has been updated.
#  Successfully updated.

/usr/lib/qt/mkspecs/modules/qt_KCrash.pri:
#  Implicit rule search has been done.
#  Last modified 2022-12-06 20:25:40
#  File has been updated.
#  Successfully updated.

/usr/lib/qt/mkspecs/modules/qt_Baloo.pri:
#  Implicit rule search has been done.
#  Last modified 2022-12-07 00:56:14
#  File has been updated.
#  Successfully updated.

/usr/lib/qt/mkspecs/modules/qt_lib_devicediscovery_support_private.pri:
#  Implicit rule search has been done.
#  Last modified 2022-12-10 02:11:37
#  File has been updated.
#  Successfully updated.

/usr/lib/qt/mkspecs/modules/qt_lib_gui.pri:
#  Implicit rule search has been done.
#  Last modified 2022-12-10 02:11:37
#  File has been updated.
#  Successfully updated.

/usr/lib/qt/mkspecs/modules/qt_lib_quickcontrols2_private.pri:
#  Implicit rule search has been done.
#  Last modified 2022-12-06 06:35:33
#  File has been updated.
#  Successfully updated.

/usr/lib/qt/mkspecs/modules/qt_lib_dbus_private.pri:
#  Implicit rule search has been done.
#  Last modified 2022-12-10 02:11:37
#  File has been updated.
#  Successfully updated.

qmake_all: FORCE
#  Implicit rule search has not been done.
#  Modification time never checked.
#  File has not been updated.

/usr/lib/qt/mkspecs/modules/qt_lib_uitools_private.pri:
#  Implicit rule search has been done.
#  Last modified 2022-11-10 17:36:22
#  File has been updated.
#  Successfully updated.

# Not a target:
main.cpp:
#  Implicit rule search has been done.
#  Last modified 2022-12-11 21:07:24.957885314
#  File has been updated.
#  Successfully updated.

/usr/lib/qt/mkspecs/modules/qt_KItemViews.pri:
#  Implicit rule search has been done.
#  Last modified 2022-12-06 20:31:20
#  File has been updated.
#  Successfully updated.

.qmake.stash:
#  Implicit rule search has been done.
#  Last modified 2022-12-11 21:09:25.608603885
#  File has been updated.
#  Successfully updated.

# Not a target:
mainwindow.h:
#  Implicit rule search has been done.
#  Last modified 2022-12-11 21:07:24.957885314
#  File has been updated.
#  Successfully updated.

/usr/lib/qt/mkspecs/modules/qt_lib_packetprotocol_private.pri:
#  Implicit rule search has been done.
#  Last modified 2022-12-09 01:48:18
#  File has been updated.
#  Successfully updated.

/usr/lib/qt/mkspecs/modules/qt_KArchive.pri:
#  Implicit rule search has been done.
#  Last modified 2022-12-06 20:17:44
#  File has been updated.
#  Successfully updated.

/usr/lib/qt/mkspecs/modules/qt_lib_vulkan_support_private.pri:
#  Implicit rule search has been done.
#  Last modified 2022-12-10 02:11:37
#  File has been updated.
#  Successfully updated.

compiler_uic_make_all:
#  Implicit rule search has not been done.
#  Modification time never checked.
#  File has not been updated.

/usr/lib/qt/mkspecs/features/spec_pre.prf:
#  Implicit rule search has been done.
#  Last modified 2022-12-10 02:11:37
#  File has been updated.
#  Successfully updated.

/usr/lib/qt/mkspecs/modules/qt_lib_qmlmodels.pri:
#  Implicit rule search has been done.
#  Last modified 2022-12-09 01:48:18
#  File has been updated.
#  Successfully updated.

/usr/lib/qt/mkspecs/modules/qt_lib_quickparticles_private.pri:
#  Implicit rule search has been done.
#  Last modified 2022-12-09 01:48:18
#  File has been updated.
#  Successfully updated.

/usr/lib/qt/mkspecs/modules/qt_lib_testlib.pri:
#  Implicit rule search has been done.
#  Last modified 2022-12-10 02:11:37
#  File has been updated.
#  Successfully updated.

/usr/lib/qt/mkspecs/modules/qt_KActivitiesStats.pri:
#  Implicit rule search has been done.
#  Last modified 2022-12-07 01:06:14
#  File has been updated.
#  Successfully updated.

main.o: main.cpp mainwindow.h GameModel.h
#  Implicit rule search has not been done.
#  Last modified 2022-12-11 21:14:20.034240042
#  File has been updated.
#  Successfully updated.
#  recipe to execute (from 'Makefile', line 831):
	$(CXX) -c $(CXXFLAGS) $(INCPATH) -o main.o main.cpp

/usr/lib/qt/mkspecs/features/file_copies.prf:
#  Implicit rule search has been done.
#  Last modified 2022-12-10 02:11:37
#  File has been updated.
#  Successfully updated.

/usr/lib/qt/mkspecs/modules/qt_lib_uitools.pri:
#  Implicit rule search has been done.
#  Last modified 2022-11-10 17:36:22
#  File has been updated.
#  Successfully updated.

/usr/lib/qt/mkspecs/modules/qt_lib_waylandclient.pri:
#  Implicit rule search has been done.
#  Last modified 2022-12-05 06:02:11
#  File has been updated.
#  Successfully updated.

/usr/lib/qt/mkspecs/features/unix/opengl.prf:
#  Implicit rule search has been done.
#  Last modified 2022-12-10 02:11:37
#  File has been updated.
#  Successfully updated.

/usr/lib/qt/mkspecs/modules/qt_lib_core_private.pri:
#  Implicit rule search has been done.
#  Last modified 2022-12-10 02:11:37
#  File has been updated.
#  Successfully updated.

/usr/lib/qt/mkspecs/modules/qt_lib_qml_private.pri:
#  Implicit rule search has been done.
#  Last modified 2022-12-09 01:48:18
#  File has been updated.
#  Successfully updated.

/usr/lib/qt/mkspecs/modules/qt_lib_multimedia.pri:
#  Implicit rule search has been done.
#  Last modified 2022-10-29 07:20:34
#  File has been updated.
#  Successfully updated.

# Not a target:
res/sound/win.wav:
#  Implicit rule search has been done.
#  Last modified 2022-12-11 21:07:24.958885236
#  File has been updated.
#  Successfully updated.

/usr/lib/qt/mkspecs/modules/qt_lib_texttospeech.pri:
#  Implicit rule search has been done.
#  Last modified 2022-10-29 07:35:00
#  File has been updated.
#  Successfully updated.

compiler_rcc_make_all: qrc_resource.cpp
#  Implicit rule search has not been done.
#  Modification time never checked.
#  File has not been updated.

/usr/lib/qt/mkspecs/modules/qt_lib_webenginewidgets_private.pri:
#  Implicit rule search has been done.
#  Last modified 2022-12-06 20:23:55
#  File has been updated.
#  Successfully updated.

/usr/lib/qt/mkspecs/features/warn_on.prf:
#  Implicit rule search has been done.
#  Last modified 2022-12-10 02:11:37
#  File has been updated.
#  Successfully updated.

/usr/lib/qt/mkspecs/modules/qt_KWaylandServer.pri:
#  Implicit rule search has been done.
#  Last modified 2022-12-06 20:55:04
#  File has been updated.
#  Successfully updated.

/usr/lib/qt/mkspecs/modules/qt_KDNSSD.pri:
#  Implicit rule search has been done.
#  Last modified 2022-12-07 01:11:54
#  File has been updated.
#  Successfully updated.

/usr/lib/qt/mkspecs/modules/qt_lib_waylandcompositor.pri:
#  Implicit rule search has been done.
#  Last modified 2022-12-05 06:02:11
#  File has been updated.
#  Successfully updated.

/usr/lib/qt/mkspecs/modules/qt_lib_multimediawidgets_private.pri:
#  Implicit rule search has been done.
#  Last modified 2022-10-29 07:20:34
#  File has been updated.
#  Successfully updated.
 

# Not a target:
/usr/bin/rcc:
#  Implicit rule search has been done.
#  Last modified 2022-12-10 02:11:37
#  File has been updated.
#  Successfully updated.

moc_mainwindow.o: moc_mainwindow.cpp
#  Implicit rule search has not been done.
#  Last modified 2022-12-11 21:14:22.211248377
#  File has been updated.
#  Successfully updated.
#  recipe to execute (from 'Makefile', line 844):
	$(CXX) -c $(CXXFLAGS) $(INCPATH) -o moc_mainwindow.o moc_mainwindow.cpp

/usr/lib/qt/mkspecs/modules/qt_lib_linuxaccessibility_support_private.pri:
#  Implicit rule search has been done.
#  Last modified 2022-12-10 02:11:37
#  File has been updated.
#  Successfully updated.

/usr/lib/qt/mkspecs/modules/qt_KFileMetaData.pri:
#  Implicit rule search has been done.
#  Last modified 2022-12-06 21:01:52
#  File has been updated.
#  Successfully updated.

/usr/lib/qt/mkspecs/modules/qt_lib_quick_private.pri:
#  Implicit rule search has been done.
#  Last modified 2022-12-09 01:48:18
#  File has been updated.
#  Successfully updated.

/usr/lib/qt/mkspecs/modules/qt_lib_qmltest_private.pri:
#  Implicit rule search has been done.
#  Last modified 2022-12-09 01:48:18
#  File has been updated.
#  Successfully updated.

compiler_moc_objc_header_clean:
#  Implicit rule search has not been done.
#  Modification time never checked.
#  File has not been updated.

/usr/lib/qt/mkspecs/modules/qt_lib_help_private.pri:
#  Implicit rule search has been done.
#  Last modified 2022-11-10 17:36:22
#  File has been updated.
#  Successfully updated.

/usr/lib/qt/mkspecs/modules/qt_lib_uiplugin.pri:
#  Implicit rule search has been done.
#  Last modified 2022-11-10 17:36:22
#  File has been updated.
#  Successfully updated.

/usr/lib/qt/mkspecs/modules/qt_lib_webenginecore_private.pri:
#  Implicit rule search has been done.
#  Last modified 2022-12-06 20:23:55
#  File has been updated.
#  Successfully updated.

/usr/lib/qt/mkspecs/modules/qt_lib_concurrent_private.pri:
#  Implicit rule search has been done.
#  Last modified 2022-12-10 02:11:37
#  File has been updated.
#  Successfully updated.

/usr/lib/qt/mkspecs/common/g++-base.conf:
#  Implicit rule search has been done.
#  Last modified 2022-12-10 02:11:37
#  File has been updated.
#  Successfully updated.

/usr/lib/qt/mkspecs/modules/qt_lib_openglextensions_private.pri:
#  Implicit rule search has been done.
#  Last modified 2022-12-10 02:11:37
#  File has been updated.
#  Successfully updated.

/usr/lib/qt/mkspecs/modules/qt_lib_qml.pri:
#  Implicit rule search has been done.
#  Last modified 2022-12-09 01:48:18
#  File has been updated.
#  Successfully updated.

install: FORCE
#  Implicit rule search has not been done.
#  Modification time never checked.
#  File has not been updated.

/usr/lib/qt/mkspecs/modules/qt_lib_quickwidgets_private.pri:
#  Implicit rule search has been done.
#  Last modified 2022-12-09 01:48:18
#  File has been updated.
#  Successfully updated.

/usr/lib/qt/mkspecs/features/resolve_config.prf:
#  Implicit rule search has been done.
#  Last modified 2022-12-10 02:11:37
#  File has been updated.
#  Successfully updated.

/usr/lib/qt/mkspecs/features/exclusive_builds.prf:
#  Implicit rule search has been done.
#  Last modified 2022-12-10 02:11:37
#  File has been updated.
#  Successfully updated.

/usr/lib/qt/mkspecs/linux-g++/qmake.conf:
#  Implicit rule search has been done.
#  Last modified 2022-12-10 02:11:37
#  File has been updated.
#  Successfully updated.

compiler_lex_clean:
#  Implicit rule search has not been done.
#  Modification time never checked.
#  File has not been updated.

/usr/lib/qt/mkspecs/common/linux.conf:
#  Implicit rule search has been done.
#  Last modified 2022-12-10 02:11:37
#  File has been updated.
#  Successfully updated.

compiler_moc_header_make_all: moc_mainwindow.cpp
#  Implicit rule search has not been done.
#  Modification time never checked.
#  File has not been updated.

/usr/lib/qt/mkspecs/modules/qt_lib_positioning.pri:
#  Implicit rule search has been done.
#  Last modified 2022-10-29 06:17:12
#  File has been updated.
#  Successfully updated.

/usr/lib/qt/mkspecs/features/uic.prf:
#  Implicit rule search has been done.
#  Last modified 2022-12-10 02:11:37
#  File has been updated.
#  Successfully updated.

/usr/lib/qt/mkspecs/modules/qt_lib_webengine_private.pri:
#  Implicit rule search has been done.
#  Last modified 2022-12-06 20:23:55
#  File has been updated.
#  Successfully updated.

/usr/lib/qt/mkspecs/modules/qt_KDBusAddons.pri:
#  Implicit rule search has been done.
#  Last modified 2022-12-06 20:26:11
#  File has been updated.
#  Successfully updated.

/usr/lib/qt/mkspecs/modules/qt_lib_svg_private.pri:
#  Implicit rule search has been done.
#  Last modified 2022-10-29 07:35:30
#  File has been updated.
#  Successfully updated.

/usr/lib/qt/mkspecs/features/testcase_targets.prf:
#  Implicit rule search has been done.
#  Last modified 2022-12-10 02:11:37
#  File has been updated.
#  Successfully updated.

/usr/lib/qt/mkspecs/modules/qt_lib_positioningquick_private.pri:
#  Implicit rule search has been done.
#  Last modified 2022-10-29 06:17:12
#  File has been updated.
#  Successfully updated.

# Not a target:
mainwindow.cpp:
#  Implicit rule search has been done.
#  Last modified 2022-12-11 21:07:24.957885314
#  File has been updated.
#  Successfully updated.

compiler_moc_predefs_clean:
#  Implicit rule search has not been done.
#  Modification time never checked.
#  File has not been updated.
#  recipe to execute (from 'Makefile', line 800):
	-$(DEL_FILE) moc_predefs.h

/usr/lib/qt/mkspecs/modules/qt_lib_x11extras.pri:
#  Implicit rule search has been done.
#  Last modified 2022-10-29 07:41:49
#  File has been updated.
#  Successfully updated.

/usr/lib/qt/mkspecs/modules/qt_lib_network.pri:
#  Implicit rule search has been done.
#  Last modified 2022-12-10 02:11:37
#  File has been updated.
#  Successfully updated.

/usr/lib/qt/mkspecs/qconfig.pri:
#  Implicit rule search has been done.
#  Last modified 2022-12-10 02:11:37
#  File has been updated.
#  Successfully updated.

/usr/lib/qt/mkspecs/modules/qt_KUserFeedbackWidgets.pri:
#  Implicit rule search has been done.
#  Last modified 2022-02-05 02:11:10
#  File has been updated.
#  Successfully updated.

# Not a target:
/usr/lib/qt/mkspecs/features/data/dummy.cpp:
#  Implicit rule search has been done.
#  Last modified 2022-12-10 02:11:37
#  File has been updated.
#  Successfully updated.

/usr/lib/qt/mkspecs/modules/qt_lib_network_private.pri:
#  Implicit rule search has been done.
#  Last modified 2022-12-10 02:11:37
#  File has been updated.
#  Successfully updated.

/usr/lib/qt/mkspecs/modules/qt_lib_multimediawidgets.pri:
#  Implicit rule search has been done.
#  Last modified 2022-10-29 07:20:34
#  File has been updated.
#  Successfully updated.

compiler_moc_source_make_all:
#  Implicit rule search has not been done.
#  Modification time never checked.
#  File has not been updated.

/usr/lib/qt/mkspecs/modules/qt_Prison.pri:
#  Implicit rule search has been done.
#  Last modified 2022-12-07 01:34:10
#  File has been updated.
#  Successfully updated.

/usr/lib/qt/mkspecs/modules/qt_lib_webchannel.pri:
#  Implicit rule search has been done.
 
#  Last modified 2022-10-29 06:25:50
#  File has been updated.
#  Successfully updated.

qmake: FORCE
#  Implicit rule search has not been done.
#  Modification time never checked.
#  File has not been updated.
#  recipe to execute (from 'Makefile', line 748):
	@$(QMAKE) -o Makefile QtWuziqi.pro

compiler_lex_make_all:
#  Implicit rule search has not been done.
#  Modification time never checked.
#  File has not been updated.

qrc_resource.cpp: resource.qrc /usr/bin/rcc res/sound/lose.wav res/sound/chessone.wav res/sound/win.wav
#  Implicit rule search has not been done.
#  Last modified 2022-12-11 21:14:21.314244957
#  File has been updated.
#  Successfully updated.
#  recipe to execute (from 'Makefile', line 796):
	/usr/bin/rcc -name resource resource.qrc -o qrc_resource.cpp

/usr/lib/qt/mkspecs/modules/qt_lib_printsupport.pri:
#  Implicit rule search has been done.
#  Last modified 2022-12-10 02:11:37
#  File has been updated.
#  Successfully updated.

/usr/lib/qt/mkspecs/modules/qt_lib_xml.pri:
#  Implicit rule search has been done.
#  Last modified 2022-12-10 02:11:37
#  File has been updated.
#  Successfully updated.

/usr/lib/qt/mkspecs/modules/qt_lib_webenginecore.pri:
#  Implicit rule search has been done.
#  Last modified 2022-12-06 20:23:55
#  File has been updated.
#  Successfully updated.

/usr/lib/qt/mkspecs/modules/qt_KAuthCore.pri:
#  Implicit rule search has been done.
#  Last modified 2022-12-06 20:20:18
#  File has been updated.
#  Successfully updated.

/usr/lib/qt/mkspecs/modules/qt_KPeopleWidgets.pri:
#  Implicit rule search has been done.
#  Last modified 2022-12-07 01:17:41
#  File has been updated.
#  Successfully updated.

/usr/lib/qt/mkspecs/modules/qt_KParts.pri:
#  Implicit rule search has been done.
#  Last modified 2022-12-06 20:50:17
#  File has been updated.
#  Successfully updated.

first: all
#  Implicit rule search has not been done.
#  Modification time never checked.
#  File has not been updated.

/usr/lib/qt/mkspecs/modules/qt_lib_xml_private.pri:
#  Implicit rule search has been done.
#  Last modified 2022-12-10 02:11:37
#  File has been updated.
#  Successfully updated.

/usr/lib/qt/mkspecs/common/g++-unix.conf:
#  Implicit rule search has been done.
#  Last modified 2022-12-10 02:11:37
#  File has been updated.
#  Successfully updated.

/usr/lib/qt/mkspecs/modules/qt_lib_positioning_private.pri:
#  Implicit rule search has been done.
#  Last modified 2022-10-29 06:17:12
#  File has been updated.
#  Successfully updated.

/usr/lib/qt/mkspecs/modules/qt_lib_testlib_private.pri:
#  Implicit rule search has been done.
#  Last modified 2022-12-10 02:11:37
#  File has been updated.
#  Successfully updated.

/usr/lib/qt/mkspecs/modules/qt_lib_multimedia_private.pri:
#  Implicit rule search has been done.
#  Last modified 2022-10-29 07:20:34
#  File has been updated.
#  Successfully updated.

/usr/lib/qt/mkspecs/modules/qt_lib_svg.pri:
#  Implicit rule search has been done.
#  Last modified 2022-10-29 07:35:30
#  File has been updated.
#  Successfully updated.

/usr/lib/qt/mkspecs/features/moc.prf:
#  Implicit rule search has been done.
#  Last modified 2022-12-10 02:11:37
#  File has been updated.
#  Successfully updated.

compiler_yacc_decl_clean:
#  Implicit rule search has not been done.
#  Modification time never checked.
#  File has not been updated.

/usr/lib/qt/mkspecs/features/qmake_use.prf:
#  Implicit rule search has been done.
#  Last modified 2022-12-10 02:11:37
#  File has been updated.
#  Successfully updated.

/usr/lib/qt/mkspecs/modules/qt_lib_qmldebug_private.pri:
#  Implicit rule search has been done.
#  Last modified 2022-12-09 01:48:18
#  File has been updated.
#  Successfully updated.

/usr/lib/qt/mkspecs/modules/qt_KConfigCore.pri:
#  Implicit rule search has been done.
#  Last modified 2022-12-06 20:21:26
#  File has been updated.
#  Successfully updated.

/usr/lib/qt/mkspecs/modules/qt_lib_edid_support_private.pri:
#  Implicit rule search has been done.
#  Last modified 2022-12-10 02:11:37
#  File has been updated.
#  Successfully updated.

/usr/lib/qt/mkspecs/modules/qt_lib_sensors_private.pri:
#  Implicit rule search has been done.
#  Last modified 2022-10-29 06:20:06
#  File has been updated.
#  Successfully updated.

/usr/lib/qt/mkspecs/modules/qt_lib_webkit_private.pri:
#  Implicit rule search has been done.
#  Last modified 2022-10-30 00:05:34
#  File has been updated.
#  Successfully updated.

resource.qrc:
#  Implicit rule search has been done.
#  Last modified 2022-12-11 21:07:24.958885236
#  File has been updated.
#  Successfully updated.

/usr/lib/qt/mkspecs/modules/qt_lib_openglextensions.pri:
#  Implicit rule search has been done.
#  Last modified 2022-12-10 02:11:37
#  File has been updated.
#  Successfully updated.

/usr/lib/qt/mkspecs/modules/qt_lib_sql.pri:
#  Implicit rule search has been done.
#  Last modified 2022-12-10 02:11:37
#  File has been updated.
#  Successfully updated.

/usr/lib/qt/mkspecs/modules/qt_KTextEditor.pri:
#  Implicit rule search has been done.
#  Last modified 2022-12-07 01:56:14
#  File has been updated.
#  Successfully updated.

/usr/lib/qt/mkspecs/modules/qt_KNotifications.pri:
#  Implicit rule search has been done.
#  Last modified 2022-12-06 20:42:24
#  File has been updated.
#  Successfully updated.

/usr/lib/qt/mkspecs/modules/qt_lib_concurrent.pri:
#  Implicit rule search has been done.
#  Last modified 2022-12-10 02:11:37
#  File has been updated.
#  Successfully updated.

/usr/lib/qt/mkspecs/modules/qt_KPeople.pri:
#  Implicit rule search has been done.
#  Last modified 2022-12-07 01:17:41
#  File has been updated.
#  Successfully updated.

/usr/lib/qt/mkspecs/features/qt.prf:
#  Implicit rule search has been done.
#  Last modified 2022-12-10 02:11:37
#  File has been updated.
#  Successfully updated.

/usr/lib/qt/mkspecs/modules/qt_KUserFeedbackCore.pri:
#  Implicit rule search has been done.
#  Last modified 2022-02-05 02:11:10
#  File has been updated.
#  Successfully updated.

/usr/lib/qt/mkspecs/modules/qt_lib_sensors.pri:
#  Implicit rule search has been done.
#  Last modified 2022-10-29 06:20:06
#  File has been updated.
#  Successfully updated.

# Not a target:
/usr/bin/moc:
#  Implicit rule search has been done.
#  Last modified 2022-12-10 02:11:37
#  File has been updated.
#  Successfully updated.

/usr/lib/qt/mkspecs/modules/qt_lib_qmlworkerscript_private.pri:
#  Implicit rule search has been done.
#  Last modified 2022-12-09 01:48:18
#  File has been updated.
#  Successfully updated.

/usr/lib/qt/mkspecs/modules/qt_KNewStuff.pri:
#  Implicit rule search has been done.
#  Last modified 2022-12-07 00:52:39
#  File has been updated.
#  Successfully updated.

# files hash-table stats:
 
# Load=280/1024=27%, Rehash=0, Collisions=173/808=21%
# VPATH Search Paths

# No 'vpath' search paths.

# No general ('VPATH' variable) search path.

# strcache buffers: 2 (1) / strings = 290 / storage = 12192 B / avg = 42 B
# current buf: size = 8162 B / used = 4039 B / count = 105 / avg = 38 B
# other used: total = 8153 B / count = 185 / avg = 44 B
# other free: total = 9 B / max = 9 B / min = 9 B / avg = 9 B

# strcache performance: lookups = 845 / hit rate = 65%
# hash-table stats:
# Load=290/8192=4%, Rehash=0, Collisions=11/845=1%
# Finished Make data base on Fri Dec 16 13:00:41 2022

 
